{"/home/travis/build/npmtest/node-npmtest-vasync/test.js":{"path":"/home/travis/build/npmtest/node-npmtest-vasync/test.js","s":{"1":2,"2":2,"3":2,"4":2,"5":2,"6":2,"7":2,"8":1,"9":2,"10":2,"11":1,"12":1,"13":1,"14":1,"15":2,"16":2,"17":2,"18":2,"19":1,"20":1,"21":2,"22":2,"23":2,"24":1,"25":1,"26":1,"27":1,"28":1,"29":1,"30":1,"31":1,"32":1,"33":1,"34":1,"35":1,"36":1,"37":1,"38":1,"39":2,"40":2,"41":1,"42":2,"43":2,"44":1,"45":2,"46":2,"47":1,"48":2,"49":2,"50":1,"51":1,"52":1,"53":1,"54":1},"b":{"1":[2,1,1,1],"2":[1,1,1,1],"3":[1,1],"4":[1,1],"5":[1,1],"6":[1,1],"7":[1,1],"8":[1,1],"9":[1,1],"10":[1,1,1],"11":[1,1],"12":[1,1],"13":[1,1],"14":[1,1],"15":[1,1],"16":[1,1],"17":[1,1]},"f":{"1":2,"2":2,"3":2,"4":2,"5":2,"6":1,"7":1,"8":1,"9":2,"10":2,"11":2,"12":2,"13":1},"fnMap":{"1":{"name":"(anonymous_1)","line":12,"loc":{"start":{"line":12,"column":1},"end":{"line":12,"column":13}}},"2":{"name":"(anonymous_2)","line":19,"loc":{"start":{"line":19,"column":5},"end":{"line":19,"column":17}}},"3":{"name":"(anonymous_3)","line":23,"loc":{"start":{"line":23,"column":24},"end":{"line":23,"column":36}}},"4":{"name":"(anonymous_4)","line":61,"loc":{"start":{"line":61,"column":5},"end":{"line":61,"column":17}}},"5":{"name":"(anonymous_5)","line":82,"loc":{"start":{"line":82,"column":5},"end":{"line":82,"column":17}}},"6":{"name":"(anonymous_6)","line":91,"loc":{"start":{"line":91,"column":77},"end":{"line":94,"column":10}}},"7":{"name":"(anonymous_7)","line":112,"loc":{"start":{"line":112,"column":83},"end":{"line":115,"column":10}},"skip":true},"8":{"name":"(anonymous_8)","line":123,"loc":{"start":{"line":123,"column":77},"end":{"line":126,"column":10}},"skip":true},"9":{"name":"(anonymous_9)","line":139,"loc":{"start":{"line":139,"column":12},"end":{"line":139,"column":40}},"skip":true},"10":{"name":"(anonymous_10)","line":147,"loc":{"start":{"line":147,"column":77},"end":{"line":150,"column":10}},"skip":true},"11":{"name":"(anonymous_11)","line":158,"loc":{"start":{"line":158,"column":83},"end":{"line":161,"column":10}},"skip":true},"12":{"name":"(anonymous_12)","line":169,"loc":{"start":{"line":169,"column":79},"end":{"line":172,"column":10}},"skip":true},"13":{"name":"(anonymous_13)","line":180,"loc":{"start":{"line":180,"column":75},"end":{"line":183,"column":10}},"skip":true}},"statementMap":{"1":{"start":{"line":12,"column":0},"end":{"line":195,"column":5}},"2":{"start":{"line":14,"column":4},"end":{"line":14,"column":14}},"3":{"start":{"line":19,"column":4},"end":{"line":56,"column":9}},"4":{"start":{"line":21,"column":8},"end":{"line":21,"column":19}},"5":{"start":{"line":23,"column":8},"end":{"line":35,"column":13}},"6":{"start":{"line":24,"column":12},"end":{"line":34,"column":13}},"7":{"start":{"line":25,"column":16},"end":{"line":28,"column":30}},"8":{"start":{"line":30,"column":16},"end":{"line":33,"column":27}},"9":{"start":{"line":37,"column":8},"end":{"line":39,"column":21}},"10":{"start":{"line":40,"column":8},"end":{"line":53,"column":9}},"11":{"start":{"line":43,"column":12},"end":{"line":46,"column":14}},"12":{"start":{"line":47,"column":12},"end":{"line":47,"column":18}},"13":{"start":{"line":50,"column":12},"end":{"line":51,"column":46}},"14":{"start":{"line":52,"column":12},"end":{"line":52,"column":18}},"15":{"start":{"line":55,"column":8},"end":{"line":55,"column":35}},"16":{"start":{"line":61,"column":4},"end":{"line":63,"column":9}},"17":{"start":{"line":62,"column":8},"end":{"line":62,"column":15}},"18":{"start":{"line":64,"column":4},"end":{"line":77,"column":5}},"19":{"start":{"line":70,"column":8},"end":{"line":70,"column":14}},"20":{"start":{"line":76,"column":8},"end":{"line":76,"column":14}},"21":{"start":{"line":82,"column":4},"end":{"line":84,"column":9}},"22":{"start":{"line":83,"column":8},"end":{"line":83,"column":15}},"23":{"start":{"line":85,"column":4},"end":{"line":194,"column":5}},"24":{"start":{"line":91,"column":8},"end":{"line":99,"column":10}},"25":{"start":{"line":98,"column":12},"end":{"line":98,"column":35}},"26":{"start":{"line":102,"column":8},"end":{"line":104,"column":63}},"27":{"start":{"line":105,"column":8},"end":{"line":105,"column":14}},"28":{"start":{"line":112,"column":8},"end":{"line":121,"column":10},"skip":true},"29":{"start":{"line":119,"column":12},"end":{"line":119,"column":55},"skip":true},"30":{"start":{"line":120,"column":12},"end":{"line":120,"column":48},"skip":true},"31":{"start":{"line":123,"column":8},"end":{"line":136,"column":10},"skip":true},"32":{"start":{"line":130,"column":12},"end":{"line":130,"column":76},"skip":true},"33":{"start":{"line":131,"column":12},"end":{"line":131,"column":73},"skip":true},"34":{"start":{"line":132,"column":12},"end":{"line":132,"column":74},"skip":true},"35":{"start":{"line":133,"column":12},"end":{"line":133,"column":79},"skip":true},"36":{"start":{"line":134,"column":12},"end":{"line":134,"column":25},"skip":true},"37":{"start":{"line":135,"column":12},"end":{"line":135,"column":45},"skip":true},"38":{"start":{"line":138,"column":8},"end":{"line":145,"column":14},"skip":true},"39":{"start":{"line":143,"column":16},"end":{"line":143,"column":29},"skip":true},"40":{"start":{"line":144,"column":16},"end":{"line":144,"column":55},"skip":true},"41":{"start":{"line":147,"column":8},"end":{"line":156,"column":10},"skip":true},"42":{"start":{"line":154,"column":12},"end":{"line":154,"column":25},"skip":true},"43":{"start":{"line":155,"column":12},"end":{"line":155,"column":45},"skip":true},"44":{"start":{"line":158,"column":8},"end":{"line":167,"column":10},"skip":true},"45":{"start":{"line":165,"column":12},"end":{"line":165,"column":25},"skip":true},"46":{"start":{"line":166,"column":12},"end":{"line":166,"column":48},"skip":true},"47":{"start":{"line":169,"column":8},"end":{"line":178,"column":10},"skip":true},"48":{"start":{"line":176,"column":12},"end":{"line":176,"column":25},"skip":true},"49":{"start":{"line":177,"column":12},"end":{"line":177,"column":46},"skip":true},"50":{"start":{"line":180,"column":8},"end":{"line":189,"column":10},"skip":true},"51":{"start":{"line":187,"column":12},"end":{"line":187,"column":94},"skip":true},"52":{"start":{"line":188,"column":12},"end":{"line":188,"column":48},"skip":true},"53":{"start":{"line":192,"column":8},"end":{"line":192,"column":35},"skip":true},"54":{"start":{"line":193,"column":8},"end":{"line":193,"column":14},"skip":true}},"branchMap":{"1":{"line":25,"type":"binary-expr","locations":[{"start":{"line":25,"column":23},"end":{"line":25,"column":62}},{"start":{"line":26,"column":20},"end":{"line":26,"column":70}},{"start":{"line":27,"column":20},"end":{"line":27,"column":71}},{"start":{"line":28,"column":20},"end":{"line":28,"column":29}}]},"2":{"line":30,"type":"binary-expr","locations":[{"start":{"line":30,"column":23},"end":{"line":30,"column":37}},{"start":{"line":31,"column":20},"end":{"line":31,"column":61}},{"start":{"line":32,"column":20},"end":{"line":32,"column":70}},{"start":{"line":33,"column":20},"end":{"line":33,"column":26}}]},"3":{"line":37,"type":"cond-expr","locations":[{"start":{"line":38,"column":14},"end":{"line":38,"column":20}},{"start":{"line":39,"column":14},"end":{"line":39,"column":20}}]},"4":{"line":40,"type":"switch","locations":[{"start":{"line":42,"column":8},"end":{"line":47,"column":18}},{"start":{"line":49,"column":8},"end":{"line":52,"column":18}}]},"5":{"line":44,"type":"binary-expr","locations":[{"start":{"line":44,"column":16},"end":{"line":44,"column":44}},{"start":{"line":44,"column":48},"end":{"line":44,"column":66}}]},"6":{"line":50,"type":"binary-expr","locations":[{"start":{"line":50,"column":21},"end":{"line":50,"column":49}},{"start":{"line":50,"column":53},"end":{"line":50,"column":72}}]},"7":{"line":64,"type":"switch","locations":[{"start":{"line":69,"column":4},"end":{"line":70,"column":14}},{"start":{"line":75,"column":4},"end":{"line":76,"column":14}}]},"8":{"line":85,"type":"switch","locations":[{"start":{"line":90,"column":4},"end":{"line":105,"column":14}},{"start":{"line":111,"column":4},"end":{"line":193,"column":14},"skip":true}]},"9":{"line":91,"type":"binary-expr","locations":[{"start":{"line":91,"column":42},"end":{"line":91,"column":73}},{"start":{"line":91,"column":77},"end":{"line":99,"column":9}}]},"10":{"line":102,"type":"binary-expr","locations":[{"start":{"line":102,"column":18},"end":{"line":102,"column":32}},{"start":{"line":103,"column":12},"end":{"line":103,"column":53}},{"start":{"line":104,"column":12},"end":{"line":104,"column":61}}]},"11":{"line":112,"type":"binary-expr","locations":[{"start":{"line":112,"column":45},"end":{"line":112,"column":79},"skip":true},{"start":{"line":112,"column":83},"end":{"line":121,"column":9},"skip":true}]},"12":{"line":123,"type":"binary-expr","locations":[{"start":{"line":123,"column":42},"end":{"line":123,"column":73},"skip":true},{"start":{"line":123,"column":77},"end":{"line":136,"column":9},"skip":true}]},"13":{"line":138,"type":"binary-expr","locations":[{"start":{"line":138,"column":48},"end":{"line":138,"column":85},"skip":true},{"start":{"line":139,"column":12},"end":{"line":145,"column":13},"skip":true}]},"14":{"line":147,"type":"binary-expr","locations":[{"start":{"line":147,"column":42},"end":{"line":147,"column":73},"skip":true},{"start":{"line":147,"column":77},"end":{"line":156,"column":9},"skip":true}]},"15":{"line":158,"type":"binary-expr","locations":[{"start":{"line":158,"column":45},"end":{"line":158,"column":79},"skip":true},{"start":{"line":158,"column":83},"end":{"line":167,"column":9},"skip":true}]},"16":{"line":169,"type":"binary-expr","locations":[{"start":{"line":169,"column":43},"end":{"line":169,"column":75},"skip":true},{"start":{"line":169,"column":79},"end":{"line":178,"column":9},"skip":true}]},"17":{"line":180,"type":"binary-expr","locations":[{"start":{"line":180,"column":41},"end":{"line":180,"column":71},"skip":true},{"start":{"line":180,"column":75},"end":{"line":189,"column":9},"skip":true}]}},"code":["/* istanbul instrument in package npmtest_vasync */","/*jslint","    bitwise: true,","    browser: true,","    maxerr: 8,","    maxlen: 96,","    node: true,","    nomen: true,","    regexp: true,","    stupid: true","*/","(function () {","    'use strict';","    var local;","","","","    // run shared js-env code - pre-init","    (function () {","        // init local","        local = {};","        // init modeJs","        local.modeJs = (function () {","            try {","                return typeof navigator.userAgent === 'string' &&","                    typeof document.querySelector('body') === 'object' &&","                    typeof XMLHttpRequest.prototype.open === 'function' &&","                    'browser';","            } catch (errorCaughtBrowser) {","                return module.exports &&","                    typeof process.versions.node === 'string' &&","                    typeof require('http').createServer === 'function' &&","                    'node';","            }","        }());","        // init global","        local.global = local.modeJs === 'browser'","            ? window","            : global;","        switch (local.modeJs) {","        // re-init local from window.local","        case 'browser':","            local = local.global.utility2.objectSetDefault(","                local.global.utility2_rollup || local.global.local,","                local.global.utility2","            );","            break;","        // re-init local from example.js","        case 'node':","            local = (local.global.utility2_rollup || require('utility2'))","                .requireExampleJsFromReadme();","            break;","        }","        // export local","        local.global.local = local;","    }());","","","","    // run shared js-env code - function","    (function () {","        return;","    }());","    switch (local.modeJs) {","","","","    // run browser js-env code - function","    case 'browser':","        break;","","","","    // run node js-env code - function","    case 'node':","        break;","    }","","","","    // run shared js-env code - post-init","    (function () {","        return;","    }());","    switch (local.modeJs) {","","","","    // run browser js-env code - post-init","    case 'browser':","        local.testCase_browser_nullCase = local.testCase_browser_nullCase || function (","            options,","            onError","        ) {","        /*","         * this function will test browsers's null-case handling-behavior-behavior","         */","            onError(null, options);","        };","","        // run tests","        local.nop(local.modeTest &&","            document.querySelector('#testRunButton1') &&","            document.querySelector('#testRunButton1').click());","        break;","","","","    // run node js-env code - post-init","    /* istanbul ignore next */","    case 'node':","        local.testCase_buildApidoc_default = local.testCase_buildApidoc_default || function (","            options,","            onError","        ) {","        /*","         * this function will test buildApidoc's default handling-behavior-behavior","         */","            options = { modulePathList: module.paths };","            local.buildApidoc(options, onError);","        };","","        local.testCase_buildApp_default = local.testCase_buildApp_default || function (","            options,","            onError","        ) {","        /*","         * this function will test buildApp's default handling-behavior-behavior","         */","            local.testCase_buildReadme_default(options, local.onErrorThrow);","            local.testCase_buildLib_default(options, local.onErrorThrow);","            local.testCase_buildTest_default(options, local.onErrorThrow);","            local.testCase_buildCustomOrg_default(options, local.onErrorThrow);","            options = [];","            local.buildApp(options, onError);","        };","","        local.testCase_buildCustomOrg_default = local.testCase_buildCustomOrg_default ||","            function (options, onError) {","            /*","             * this function will test buildCustomOrg's default handling-behavior","             */","                options = {};","                local.buildCustomOrg(options, onError);","            };","","        local.testCase_buildLib_default = local.testCase_buildLib_default || function (","            options,","            onError","        ) {","        /*","         * this function will test buildLib's default handling-behavior","         */","            options = {};","            local.buildLib(options, onError);","        };","","        local.testCase_buildReadme_default = local.testCase_buildReadme_default || function (","            options,","            onError","        ) {","        /*","         * this function will test buildReadme's default handling-behavior-behavior","         */","            options = {};","            local.buildReadme(options, onError);","        };","","        local.testCase_buildTest_default = local.testCase_buildTest_default || function (","            options,","            onError","        ) {","        /*","         * this function will test buildTest's default handling-behavior","         */","            options = {};","            local.buildTest(options, onError);","        };","","        local.testCase_webpage_default = local.testCase_webpage_default || function (","            options,","            onError","        ) {","        /*","         * this function will test webpage's default handling-behavior","         */","            options = { modeCoverageMerge: true, url: local.serverLocalHost + '?modeTest=1' };","            local.browserTest(options, onError);","        };","","        // run test-server","        local.testRunServer(local);","        break;","    }","}());",""],"l":{"12":2,"14":2,"19":2,"21":2,"23":2,"24":2,"25":2,"30":1,"37":2,"40":2,"43":1,"47":1,"50":1,"52":1,"55":2,"61":2,"62":2,"64":2,"70":1,"76":1,"82":2,"83":2,"85":2,"91":1,"98":1,"102":1,"105":1,"112":1,"119":1,"120":1,"123":1,"130":1,"131":1,"132":1,"133":1,"134":1,"135":1,"138":1,"143":2,"144":2,"147":1,"154":2,"155":2,"158":1,"165":2,"166":2,"169":1,"176":2,"177":2,"180":1,"187":1,"188":1,"192":1,"193":1}},"/home/travis/build/npmtest/node-npmtest-vasync/lib.npmtest_vasync.js":{"path":"/home/travis/build/npmtest/node-npmtest-vasync/lib.npmtest_vasync.js","s":{"1":2,"2":2,"3":2,"4":2,"5":2,"6":2,"7":2,"8":1,"9":2,"10":2,"11":2,"12":2,"13":1,"14":1,"15":1,"16":1},"b":{"1":[2,1,1,1],"2":[1,1,1,1],"3":[1,1],"4":[2,2],"5":[1,1]},"f":{"1":2,"2":2,"3":2},"fnMap":{"1":{"name":"(anonymous_1)","line":12,"loc":{"start":{"line":12,"column":1},"end":{"line":12,"column":13}}},"2":{"name":"(anonymous_2)","line":19,"loc":{"start":{"line":19,"column":5},"end":{"line":19,"column":17}}},"3":{"name":"(anonymous_3)","line":23,"loc":{"start":{"line":23,"column":24},"end":{"line":23,"column":36}}}},"statementMap":{"1":{"start":{"line":12,"column":0},"end":{"line":53,"column":5}},"2":{"start":{"line":14,"column":4},"end":{"line":14,"column":14}},"3":{"start":{"line":19,"column":4},"end":{"line":52,"column":9}},"4":{"start":{"line":21,"column":8},"end":{"line":21,"column":19}},"5":{"start":{"line":23,"column":8},"end":{"line":35,"column":13}},"6":{"start":{"line":24,"column":12},"end":{"line":34,"column":13}},"7":{"start":{"line":25,"column":16},"end":{"line":28,"column":30}},"8":{"start":{"line":30,"column":16},"end":{"line":33,"column":27}},"9":{"start":{"line":37,"column":8},"end":{"line":39,"column":21}},"10":{"start":{"line":41,"column":8},"end":{"line":41,"column":54}},"11":{"start":{"line":43,"column":8},"end":{"line":43,"column":51}},"12":{"start":{"line":45,"column":8},"end":{"line":51,"column":9}},"13":{"start":{"line":46,"column":12},"end":{"line":46,"column":57}},"14":{"start":{"line":48,"column":12},"end":{"line":48,"column":35}},"15":{"start":{"line":49,"column":12},"end":{"line":49,"column":49}},"16":{"start":{"line":50,"column":12},"end":{"line":50,"column":43}}},"branchMap":{"1":{"line":25,"type":"binary-expr","locations":[{"start":{"line":25,"column":23},"end":{"line":25,"column":62}},{"start":{"line":26,"column":20},"end":{"line":26,"column":70}},{"start":{"line":27,"column":20},"end":{"line":27,"column":71}},{"start":{"line":28,"column":20},"end":{"line":28,"column":29}}]},"2":{"line":30,"type":"binary-expr","locations":[{"start":{"line":30,"column":23},"end":{"line":30,"column":37}},{"start":{"line":31,"column":20},"end":{"line":31,"column":61}},{"start":{"line":32,"column":20},"end":{"line":32,"column":70}},{"start":{"line":33,"column":20},"end":{"line":33,"column":26}}]},"3":{"line":37,"type":"cond-expr","locations":[{"start":{"line":38,"column":14},"end":{"line":38,"column":20}},{"start":{"line":39,"column":14},"end":{"line":39,"column":20}}]},"4":{"line":41,"type":"binary-expr","locations":[{"start":{"line":41,"column":16},"end":{"line":41,"column":44}},{"start":{"line":41,"column":48},"end":{"line":41,"column":53}}]},"5":{"line":45,"type":"if","locations":[{"start":{"line":45,"column":8},"end":{"line":45,"column":8}},{"start":{"line":45,"column":8},"end":{"line":45,"column":8}}]}},"code":["/* istanbul instrument in package npmtest_vasync */","/*jslint","    bitwise: true,","    browser: true,","    maxerr: 8,","    maxlen: 96,","    node: true,","    nomen: true,","    regexp: true,","    stupid: true","*/","(function () {","    'use strict';","    var local;","","","","    // run shared js-env code - pre-init","    (function () {","        // init local","        local = {};","        // init modeJs","        local.modeJs = (function () {","            try {","                return typeof navigator.userAgent === 'string' &&","                    typeof document.querySelector('body') === 'object' &&","                    typeof XMLHttpRequest.prototype.open === 'function' &&","                    'browser';","            } catch (errorCaughtBrowser) {","                return module.exports &&","                    typeof process.versions.node === 'string' &&","                    typeof require('http').createServer === 'function' &&","                    'node';","            }","        }());","        // init global","        local.global = local.modeJs === 'browser'","            ? window","            : global;","        // init utility2_rollup","        local = local.global.utility2_rollup || local;","        // init lib","        local.local = local.npmtest_vasync = local;","        // init exports","        if (local.modeJs === 'browser') {","            local.global.utility2_npmtest_vasync = local;","        } else {","            module.exports = local;","            module.exports.__dirname = __dirname;","            module.exports.module = module;","        }","    }());","}());",""],"l":{"12":2,"14":2,"19":2,"21":2,"23":2,"24":2,"25":2,"30":1,"37":2,"41":2,"43":2,"45":2,"46":1,"48":1,"49":1,"50":1}},"/home/travis/build/npmtest/node-npmtest-vasync/example.js":{"path":"/home/travis/build/npmtest/node-npmtest-vasync/example.js","s":{"1":2,"2":2,"3":2,"4":2,"5":2,"6":2,"7":2,"8":1,"9":2,"10":2,"11":2,"12":2,"13":1,"14":2,"15":2,"16":2,"17":2,"18":2,"19":0,"20":2,"21":1,"22":1,"23":1,"24":1,"25":1,"26":0,"27":0,"28":1,"29":1,"30":2,"31":0,"32":0,"33":0,"34":1,"35":2,"36":2,"37":3,"38":3,"39":3,"40":3,"41":0,"42":3,"43":3,"44":3,"45":1,"46":3,"47":1,"48":1,"49":1,"50":1,"51":1,"52":1,"53":1,"54":1,"55":1,"56":1,"57":0,"58":1,"59":6,"60":6,"61":1,"62":2,"63":0,"64":2,"65":1,"66":1,"67":0,"68":0,"69":0,"70":0,"71":0,"72":0,"73":0,"74":0,"75":0,"76":0,"77":0,"78":0,"79":0,"80":0,"81":0,"82":0,"83":0},"b":{"1":[2,1,1,1],"2":[1,1,1,1],"3":[1,1],"4":[2,2],"5":[1,1],"6":[1,1],"7":[2,0],"8":[2,1,1,1,1,1],"9":[0,2,0],"10":[1,1],"11":[2,1,1],"12":[1,0],"13":[0,2],"14":[2,0,0,0,0,0,0],"15":[0,3],"16":[3,0],"17":[1,1],"18":[0,1],"19":[1,2,0,2],"20":[1,0],"21":[1,1],"22":[0,0],"23":[0,0],"24":[0,0],"25":[0,0],"26":[0,0],"27":[0,0],"28":[0,0]},"f":{"1":2,"2":2,"3":2,"4":2,"5":2,"6":2,"7":3,"8":3,"9":3,"10":1,"11":6,"12":0},"fnMap":{"1":{"name":"(anonymous_1)","line":26,"loc":{"start":{"line":26,"column":1},"end":{"line":26,"column":13}}},"2":{"name":"(anonymous_2)","line":33,"loc":{"start":{"line":33,"column":5},"end":{"line":33,"column":17}}},"3":{"name":"(anonymous_3)","line":37,"loc":{"start":{"line":37,"column":24},"end":{"line":37,"column":36}}},"4":{"name":"(anonymous_4)","line":69,"loc":{"start":{"line":69,"column":31},"end":{"line":69,"column":48}},"skip":true},"5":{"name":"(anonymous_5)","line":78,"loc":{"start":{"line":78,"column":26},"end":{"line":78,"column":45}},"skip":true},"6":{"name":"(anonymous_6)","line":123,"loc":{"start":{"line":123,"column":33},"end":{"line":123,"column":48}},"skip":true},"7":{"name":"(anonymous_7)","line":125,"loc":{"start":{"line":125,"column":27},"end":{"line":125,"column":39}},"skip":true},"8":{"name":"(anonymous_8)","line":133,"loc":{"start":{"line":133,"column":59},"end":{"line":133,"column":74}},"skip":true},"9":{"name":"(anonymous_9)","line":143,"loc":{"start":{"line":143,"column":45},"end":{"line":143,"column":62}},"skip":true},"10":{"name":"(anonymous_10)","line":144,"loc":{"start":{"line":144,"column":73},"end":{"line":144,"column":92}},"skip":true},"11":{"name":"(anonymous_11)","line":272,"loc":{"start":{"line":272,"column":51},"end":{"line":272,"column":77}},"skip":true},"12":{"name":"(anonymous_12)","line":315,"loc":{"start":{"line":315,"column":32},"end":{"line":315,"column":61}},"skip":true}},"statementMap":{"1":{"start":{"line":26,"column":0},"end":{"line":326,"column":5}},"2":{"start":{"line":28,"column":4},"end":{"line":28,"column":14}},"3":{"start":{"line":33,"column":4},"end":{"line":60,"column":9}},"4":{"start":{"line":35,"column":8},"end":{"line":35,"column":19}},"5":{"start":{"line":37,"column":8},"end":{"line":49,"column":13}},"6":{"start":{"line":38,"column":12},"end":{"line":48,"column":13}},"7":{"start":{"line":39,"column":16},"end":{"line":42,"column":30}},"8":{"start":{"line":44,"column":16},"end":{"line":47,"column":27}},"9":{"start":{"line":51,"column":8},"end":{"line":53,"column":21}},"10":{"start":{"line":55,"column":8},"end":{"line":57,"column":45}},"11":{"start":{"line":59,"column":8},"end":{"line":59,"column":35}},"12":{"start":{"line":61,"column":4},"end":{"line":325,"column":5}},"13":{"start":{"line":69,"column":8},"end":{"line":121,"column":10},"skip":true},"14":{"start":{"line":70,"column":12},"end":{"line":88,"column":13},"skip":true},"15":{"start":{"line":76,"column":16},"end":{"line":87,"column":19},"skip":true},"16":{"start":{"line":79,"column":20},"end":{"line":86,"column":21},"skip":true},"17":{"start":{"line":82,"column":24},"end":{"line":82,"column":43},"skip":true},"18":{"start":{"line":83,"column":24},"end":{"line":83,"column":30},"skip":true},"19":{"start":{"line":85,"column":24},"end":{"line":85,"column":49},"skip":true},"20":{"start":{"line":89,"column":12},"end":{"line":107,"column":13},"skip":true},"21":{"start":{"line":92,"column":16},"end":{"line":102,"column":17},"skip":true},"22":{"start":{"line":93,"column":20},"end":{"line":93,"column":86},"skip":true},"23":{"start":{"line":94,"column":20},"end":{"line":95,"column":45},"skip":true},"24":{"start":{"line":96,"column":20},"end":{"line":96,"column":42},"skip":true},"25":{"start":{"line":97,"column":20},"end":{"line":97,"column":48},"skip":true},"26":{"start":{"line":100,"column":20},"end":{"line":100,"column":85},"skip":true},"27":{"start":{"line":101,"column":20},"end":{"line":101,"column":96},"skip":true},"28":{"start":{"line":103,"column":16},"end":{"line":103,"column":22},"skip":true},"29":{"start":{"line":106,"column":16},"end":{"line":106,"column":22},"skip":true},"30":{"start":{"line":108,"column":12},"end":{"line":120,"column":13},"skip":true},"31":{"start":{"line":114,"column":16},"end":{"line":119,"column":17},"skip":true},"32":{"start":{"line":116,"column":20},"end":{"line":116,"column":78},"skip":true},"33":{"start":{"line":118,"column":20},"end":{"line":118,"column":47},"skip":true},"34":{"start":{"line":123,"column":8},"end":{"line":141,"column":11},"skip":true},"35":{"start":{"line":124,"column":12},"end":{"line":124,"column":54},"skip":true},"36":{"start":{"line":125,"column":12},"end":{"line":140,"column":14},"skip":true},"37":{"start":{"line":126,"column":16},"end":{"line":126,"column":28},"skip":true},"38":{"start":{"line":127,"column":16},"end":{"line":127,"column":69},"skip":true},"39":{"start":{"line":128,"column":16},"end":{"line":128,"column":75},"skip":true},"40":{"start":{"line":129,"column":16},"end":{"line":131,"column":17},"skip":true},"41":{"start":{"line":130,"column":20},"end":{"line":130,"column":27},"skip":true},"42":{"start":{"line":133,"column":16},"end":{"line":137,"column":36},"skip":true},"43":{"start":{"line":134,"column":20},"end":{"line":136,"column":55},"skip":true},"44":{"start":{"line":139,"column":16},"end":{"line":139,"column":57},"skip":true},"45":{"start":{"line":143,"column":8},"end":{"line":147,"column":11},"skip":true},"46":{"start":{"line":144,"column":12},"end":{"line":146,"column":15},"skip":true},"47":{"start":{"line":145,"column":16},"end":{"line":145,"column":70},"skip":true},"48":{"start":{"line":149,"column":8},"end":{"line":149,"column":31},"skip":true},"49":{"start":{"line":150,"column":8},"end":{"line":150,"column":14},"skip":true},"50":{"start":{"line":158,"column":8},"end":{"line":158,"column":31},"skip":true},"51":{"start":{"line":160,"column":8},"end":{"line":160,"column":33},"skip":true},"52":{"start":{"line":161,"column":8},"end":{"line":161,"column":37},"skip":true},"53":{"start":{"line":162,"column":8},"end":{"line":162,"column":35},"skip":true},"54":{"start":{"line":164,"column":8},"end":{"line":164,"column":50},"skip":true},"55":{"start":{"line":166,"column":8},"end":{"line":256,"column":2},"skip":true},"56":{"start":{"line":258,"column":8},"end":{"line":286,"column":9},"skip":true},"57":{"start":{"line":259,"column":12},"end":{"line":269,"column":14},"skip":true},"58":{"start":{"line":271,"column":12},"end":{"line":285,"column":19},"skip":true},"59":{"start":{"line":274,"column":20},"end":{"line":274,"column":35},"skip":true},"60":{"start":{"line":275,"column":20},"end":{"line":284,"column":21},"skip":true},"61":{"start":{"line":277,"column":24},"end":{"line":277,"column":64},"skip":true},"62":{"start":{"line":279,"column":24},"end":{"line":279,"column":40},"skip":true},"63":{"start":{"line":281,"column":24},"end":{"line":281,"column":40},"skip":true},"64":{"start":{"line":283,"column":24},"end":{"line":283,"column":39},"skip":true},"65":{"start":{"line":288,"column":8},"end":{"line":290,"column":9},"skip":true},"66":{"start":{"line":289,"column":12},"end":{"line":289,"column":18},"skip":true},"67":{"start":{"line":291,"column":8},"end":{"line":293,"column":54},"skip":true},"68":{"start":{"line":296,"column":8},"end":{"line":301,"column":37},"skip":true},"69":{"start":{"line":303,"column":8},"end":{"line":303,"column":82},"skip":true},"70":{"start":{"line":306,"column":8},"end":{"line":308,"column":9},"skip":true},"71":{"start":{"line":307,"column":12},"end":{"line":307,"column":82},"skip":true},"72":{"start":{"line":310,"column":8},"end":{"line":312,"column":9},"skip":true},"73":{"start":{"line":311,"column":12},"end":{"line":311,"column":18},"skip":true},"74":{"start":{"line":313,"column":8},"end":{"line":313,"column":54},"skip":true},"75":{"start":{"line":314,"column":8},"end":{"line":314,"column":69},"skip":true},"76":{"start":{"line":315,"column":8},"end":{"line":323,"column":36},"skip":true},"77":{"start":{"line":316,"column":12},"end":{"line":316,"column":61},"skip":true},"78":{"start":{"line":317,"column":12},"end":{"line":320,"column":13},"skip":true},"79":{"start":{"line":318,"column":16},"end":{"line":318,"column":75},"skip":true},"80":{"start":{"line":319,"column":16},"end":{"line":319,"column":23},"skip":true},"81":{"start":{"line":321,"column":12},"end":{"line":321,"column":38},"skip":true},"82":{"start":{"line":322,"column":12},"end":{"line":322,"column":27},"skip":true},"83":{"start":{"line":324,"column":8},"end":{"line":324,"column":14},"skip":true}},"branchMap":{"1":{"line":39,"type":"binary-expr","locations":[{"start":{"line":39,"column":23},"end":{"line":39,"column":62}},{"start":{"line":40,"column":20},"end":{"line":40,"column":70}},{"start":{"line":41,"column":20},"end":{"line":41,"column":71}},{"start":{"line":42,"column":20},"end":{"line":42,"column":29}}]},"2":{"line":44,"type":"binary-expr","locations":[{"start":{"line":44,"column":23},"end":{"line":44,"column":37}},{"start":{"line":45,"column":20},"end":{"line":45,"column":61}},{"start":{"line":46,"column":20},"end":{"line":46,"column":70}},{"start":{"line":47,"column":20},"end":{"line":47,"column":26}}]},"3":{"line":51,"type":"cond-expr","locations":[{"start":{"line":52,"column":14},"end":{"line":52,"column":20}},{"start":{"line":53,"column":14},"end":{"line":53,"column":20}}]},"4":{"line":55,"type":"binary-expr","locations":[{"start":{"line":55,"column":16},"end":{"line":55,"column":44}},{"start":{"line":55,"column":49},"end":{"line":57,"column":43}}]},"5":{"line":55,"type":"cond-expr","locations":[{"start":{"line":56,"column":14},"end":{"line":56,"column":50}},{"start":{"line":57,"column":14},"end":{"line":57,"column":43}}]},"6":{"line":61,"type":"switch","locations":[{"start":{"line":68,"column":4},"end":{"line":150,"column":14},"skip":true},{"start":{"line":156,"column":4},"end":{"line":324,"column":14},"skip":true}]},"7":{"line":70,"type":"if","locations":[{"start":{"line":70,"column":12},"end":{"line":70,"column":12},"skip":true},{"start":{"line":70,"column":12},"end":{"line":70,"column":12},"skip":true}]},"8":{"line":70,"type":"binary-expr","locations":[{"start":{"line":70,"column":16},"end":{"line":70,"column":22},"skip":true},{"start":{"line":70,"column":27},"end":{"line":70,"column":32},"skip":true},{"start":{"line":71,"column":20},"end":{"line":71,"column":39},"skip":true},{"start":{"line":72,"column":20},"end":{"line":72,"column":49},"skip":true},{"start":{"line":73,"column":20},"end":{"line":73,"column":58},"skip":true},{"start":{"line":74,"column":20},"end":{"line":74,"column":69},"skip":true}]},"9":{"line":79,"type":"switch","locations":[{"start":{"line":80,"column":20},"end":{"line":80,"column":33},"skip":true},{"start":{"line":81,"column":20},"end":{"line":83,"column":30},"skip":true},{"start":{"line":84,"column":20},"end":{"line":85,"column":49},"skip":true}]},"10":{"line":89,"type":"switch","locations":[{"start":{"line":90,"column":12},"end":{"line":103,"column":22},"skip":true},{"start":{"line":105,"column":12},"end":{"line":106,"column":22},"skip":true}]},"11":{"line":89,"type":"binary-expr","locations":[{"start":{"line":89,"column":20},"end":{"line":89,"column":25},"skip":true},{"start":{"line":89,"column":29},"end":{"line":89,"column":48},"skip":true},{"start":{"line":89,"column":52},"end":{"line":89,"column":74},"skip":true}]},"12":{"line":92,"type":"if","locations":[{"start":{"line":92,"column":16},"end":{"line":92,"column":16},"skip":true},{"start":{"line":92,"column":16},"end":{"line":92,"column":16},"skip":true}]},"13":{"line":108,"type":"if","locations":[{"start":{"line":108,"column":12},"end":{"line":108,"column":12},"skip":true},{"start":{"line":108,"column":12},"end":{"line":108,"column":12},"skip":true}]},"14":{"line":108,"type":"binary-expr","locations":[{"start":{"line":108,"column":16},"end":{"line":108,"column":61},"skip":true},{"start":{"line":108,"column":66},"end":{"line":108,"column":72},"skip":true},{"start":{"line":108,"column":77},"end":{"line":108,"column":82},"skip":true},{"start":{"line":109,"column":20},"end":{"line":109,"column":39},"skip":true},{"start":{"line":110,"column":20},"end":{"line":110,"column":49},"skip":true},{"start":{"line":111,"column":20},"end":{"line":111,"column":58},"skip":true},{"start":{"line":112,"column":20},"end":{"line":112,"column":68},"skip":true}]},"15":{"line":129,"type":"if","locations":[{"start":{"line":129,"column":16},"end":{"line":129,"column":16},"skip":true},{"start":{"line":129,"column":16},"end":{"line":129,"column":16},"skip":true}]},"16":{"line":134,"type":"cond-expr","locations":[{"start":{"line":135,"column":26},"end":{"line":135,"column":29},"skip":true},{"start":{"line":136,"column":26},"end":{"line":136,"column":54},"skip":true}]},"17":{"line":164,"type":"binary-expr","locations":[{"start":{"line":164,"column":27},"end":{"line":164,"column":43},"skip":true},{"start":{"line":164,"column":47},"end":{"line":164,"column":49},"skip":true}]},"18":{"line":258,"type":"if","locations":[{"start":{"line":258,"column":8},"end":{"line":258,"column":8},"skip":true},{"start":{"line":258,"column":8},"end":{"line":258,"column":8},"skip":true}]},"19":{"line":275,"type":"switch","locations":[{"start":{"line":276,"column":20},"end":{"line":277,"column":64},"skip":true},{"start":{"line":278,"column":20},"end":{"line":279,"column":40},"skip":true},{"start":{"line":280,"column":20},"end":{"line":281,"column":40},"skip":true},{"start":{"line":282,"column":20},"end":{"line":283,"column":39},"skip":true}]},"20":{"line":288,"type":"if","locations":[{"start":{"line":288,"column":8},"end":{"line":288,"column":8},"skip":true},{"start":{"line":288,"column":8},"end":{"line":288,"column":8},"skip":true}]},"21":{"line":288,"type":"binary-expr","locations":[{"start":{"line":288,"column":12},"end":{"line":288,"column":40},"skip":true},{"start":{"line":288,"column":44},"end":{"line":288,"column":67},"skip":true}]},"22":{"line":292,"type":"binary-expr","locations":[{"start":{"line":292,"column":12},"end":{"line":292,"column":50},"skip":true},{"start":{"line":293,"column":12},"end":{"line":293,"column":53},"skip":true}]},"23":{"line":297,"type":"binary-expr","locations":[{"start":{"line":297,"column":12},"end":{"line":297,"column":64},"skip":true},{"start":{"line":298,"column":12},"end":{"line":301,"column":36},"skip":true}]},"24":{"line":303,"type":"binary-expr","locations":[{"start":{"line":303,"column":43},"end":{"line":303,"column":75},"skip":true},{"start":{"line":303,"column":79},"end":{"line":303,"column":81},"skip":true}]},"25":{"line":306,"type":"if","locations":[{"start":{"line":306,"column":8},"end":{"line":306,"column":8},"skip":true},{"start":{"line":306,"column":8},"end":{"line":306,"column":8},"skip":true}]},"26":{"line":310,"type":"if","locations":[{"start":{"line":310,"column":8},"end":{"line":310,"column":8},"skip":true},{"start":{"line":310,"column":8},"end":{"line":310,"column":8},"skip":true}]},"27":{"line":313,"type":"binary-expr","locations":[{"start":{"line":313,"column":27},"end":{"line":313,"column":43},"skip":true},{"start":{"line":313,"column":47},"end":{"line":313,"column":53},"skip":true}]},"28":{"line":317,"type":"if","locations":[{"start":{"line":317,"column":12},"end":{"line":317,"column":12},"skip":true},{"start":{"line":317,"column":12},"end":{"line":317,"column":12},"skip":true}]}},"code":["/*","example.js","","quickstart example","","instruction","    1. save this script as example.js","    2. run the shell command:","        $ npm install npmtest-vasync && PORT=8081 node example.js","    3. play with the browser-demo on http://127.0.0.1:8081","*/","","","","/* istanbul instrument in package npmtest_vasync */","/*jslint","    bitwise: true,","    browser: true,","    maxerr: 8,","    maxlen: 96,","    node: true,","    nomen: true,","    regexp: true,","    stupid: true","*/","(function () {","    'use strict';","    var local;","","","","    // run shared js-env code - pre-init","    (function () {","        // init local","        local = {};","        // init modeJs","        local.modeJs = (function () {","            try {","                return typeof navigator.userAgent === 'string' &&","                    typeof document.querySelector('body') === 'object' &&","                    typeof XMLHttpRequest.prototype.open === 'function' &&","                    'browser';","            } catch (errorCaughtBrowser) {","                return module.exports &&","                    typeof process.versions.node === 'string' &&","                    typeof require('http').createServer === 'function' &&","                    'node';","            }","        }());","        // init global","        local.global = local.modeJs === 'browser'","            ? window","            : global;","        // init utility2_rollup","        local = local.global.utility2_rollup || (local.modeJs === 'browser'","            ? local.global.utility2_npmtest_vasync","            : global.utility2_moduleExports);","        // export local","        local.global.local = local;","    }());","    switch (local.modeJs) {","","","","    // post-init","    // run browser js-env code - post-init","    /* istanbul ignore next */","    case 'browser':","        local.testRunBrowser = function (event) {","            if (!event || (event &&","                    event.currentTarget &&","                    event.currentTarget.className &&","                    event.currentTarget.className.includes &&","                    event.currentTarget.className.includes('onreset'))) {","                // reset output","                Array.from(","                    document.querySelectorAll('body > .resettable')","                ).forEach(function (element) {","                    switch (element.tagName) {","                    case 'INPUT':","                    case 'TEXTAREA':","                        element.value = '';","                        break;","                    default:","                        element.textContent = '';","                    }","                });","            }","            switch (event && event.currentTarget && event.currentTarget.id) {","            case 'testRunButton1':","                // show tests","                if (document.querySelector('#testReportDiv1').style.display === 'none') {","                    document.querySelector('#testReportDiv1').style.display = 'block';","                    document.querySelector('#testRunButton1').textContent =","                        'hide internal test';","                    local.modeTest = true;","                    local.testRunDefault(local);","                // hide tests","                } else {","                    document.querySelector('#testReportDiv1').style.display = 'none';","                    document.querySelector('#testRunButton1').textContent = 'run internal test';","                }","                break;","            // custom-case","            default:","                break;","            }","            if (document.querySelector('#inputTextareaEval1') && (!event || (event &&","                    event.currentTarget &&","                    event.currentTarget.className &&","                    event.currentTarget.className.includes &&","                    event.currentTarget.className.includes('oneval')))) {","                // try to eval input-code","                try {","                    /*jslint evil: true*/","                    eval(document.querySelector('#inputTextareaEval1').value);","                } catch (errorCaught) {","                    console.error(errorCaught);","                }","            }","        };","        // log stderr and stdout to #outputTextareaStdout1","        ['error', 'log'].forEach(function (key) {","            console[key + '_original'] = console[key];","            console[key] = function () {","                var element;","                console[key + '_original'].apply(console, arguments);","                element = document.querySelector('#outputTextareaStdout1');","                if (!element) {","                    return;","                }","                // append text to #outputTextareaStdout1","                element.value += Array.from(arguments).map(function (arg) {","                    return typeof arg === 'string'","                        ? arg","                        : JSON.stringify(arg, null, 4);","                }).join(' ') + '\\n';","                // scroll textarea to bottom","                element.scrollTop = element.scrollHeight;","            };","        });","        // init event-handling","        ['change', 'click', 'keyup'].forEach(function (event) {","            Array.from(document.querySelectorAll('.on' + event)).forEach(function (element) {","                element.addEventListener(event, local.testRunBrowser);","            });","        });","        // run tests","        local.testRunBrowser();","        break;","","","","    // run node js-env code - post-init","    /* istanbul ignore next */","    case 'node':","        // export local","        module.exports = local;","        // require modules","        local.fs = require('fs');","        local.http = require('http');","        local.url = require('url');","        // init assets","        local.assetsDict = local.assetsDict || {};","        /* jslint-ignore-begin */","        local.assetsDict['/assets.index.template.html'] = '\\","<!doctype html>\\n\\","<html lang=\"en\">\\n\\","<head>\\n\\","<meta charset=\"UTF-8\">\\n\\","<meta name=\"viewport\" content=\"width=device-width, initial-scale=1\">\\n\\","<title>{{env.npm_package_name}} (v{{env.npm_package_version}})</title>\\n\\","<style>\\n\\","/*csslint\\n\\","    box-sizing: false,\\n\\","    universal-selector: false\\n\\","*/\\n\\","* {\\n\\","    box-sizing: border-box;\\n\\","}\\n\\","body {\\n\\","    background: #dde;\\n\\","    font-family: Arial, Helvetica, sans-serif;\\n\\","    margin: 2rem;\\n\\","}\\n\\","body > * {\\n\\","    margin-bottom: 1rem;\\n\\","}\\n\\",".utility2FooterDiv {\\n\\","    margin-top: 20px;\\n\\","    text-align: center;\\n\\","}\\n\\","</style>\\n\\","<style>\\n\\","/*csslint\\n\\","*/\\n\\","textarea {\\n\\","    font-family: monospace;\\n\\","    height: 10rem;\\n\\","    width: 100%;\\n\\","}\\n\\","textarea[readonly] {\\n\\","    background: #ddd;\\n\\","}\\n\\","</style>\\n\\","</head>\\n\\","<body>\\n\\","<!-- utility2-comment\\n\\","<div id=\"ajaxProgressDiv1\" style=\"background: #d00; height: 2px; left: 0; margin: 0; padding: 0; position: fixed; top: 0; transition: background 0.5s, width 1.5s; width: 25%;\"></div>\\n\\","utility2-comment -->\\n\\","<h1>\\n\\","<!-- utility2-comment\\n\\","    <a\\n\\","        {{#if env.npm_package_homepage}}\\n\\","        href=\"{{env.npm_package_homepage}}\"\\n\\","        {{/if env.npm_package_homepage}}\\n\\","        target=\"_blank\"\\n\\","    >\\n\\","utility2-comment -->\\n\\","        {{env.npm_package_name}} (v{{env.npm_package_version}})\\n\\","<!-- utility2-comment\\n\\","    </a>\\n\\","utility2-comment -->\\n\\","</h1>\\n\\","<h3>{{env.npm_package_description}}</h3>\\n\\","<!-- utility2-comment\\n\\","<h4><a download href=\"assets.app.js\">download standalone app</a></h4>\\n\\","<button class=\"onclick onreset\" id=\"testRunButton1\">run internal test</button><br>\\n\\","<div id=\"testReportDiv1\" style=\"display: none;\"></div>\\n\\","utility2-comment -->\\n\\","\\n\\","\\n\\","\\n\\","<label>stderr and stdout</label>\\n\\","<textarea class=\"resettable\" id=\"outputTextareaStdout1\" readonly></textarea>\\n\\","<!-- utility2-comment\\n\\","{{#if isRollup}}\\n\\","<script src=\"assets.app.js\"></script>\\n\\","{{#unless isRollup}}\\n\\","utility2-comment -->\\n\\","<script src=\"assets.utility2.rollup.js\"></script>\\n\\","<script src=\"jsonp.utility2._stateInit?callback=window.utility2._stateInit\"></script>\\n\\","<script src=\"assets.npmtest_vasync.rollup.js\"></script>\\n\\","<script src=\"assets.example.js\"></script>\\n\\","<script src=\"assets.test.js\"></script>\\n\\","<!-- utility2-comment\\n\\","{{/if isRollup}}\\n\\","utility2-comment -->\\n\\","<div class=\"utility2FooterDiv\">\\n\\","    [ this app was created with\\n\\","    <a href=\"https://github.com/kaizhu256/node-utility2\" target=\"_blank\">utility2</a>\\n\\","    ]\\n\\","</div>\\n\\","</body>\\n\\","</html>\\n\\","';","        /* jslint-ignore-end */","        if (local.templateRender) {","            local.assetsDict['/'] = local.templateRender(","                local.assetsDict['/assets.index.template.html'],","                {","                    env: local.objectSetDefault(local.env, {","                        npm_package_description: 'the greatest app in the world!',","                        npm_package_name: 'my-app',","                        npm_package_nameAlias: 'my_app',","                        npm_package_version: '0.0.1'","                    })","                }","            );","        } else {","            local.assetsDict['/'] = local.assetsDict['/assets.index.template.html']","                .replace((/\\{\\{env\\.(\\w+?)\\}\\}/g), function (match0, match1) {","                    // jslint-hack","                    String(match0);","                    switch (match1) {","                    case 'npm_package_description':","                        return 'the greatest app in the world!';","                    case 'npm_package_name':","                        return 'my-app';","                    case 'npm_package_nameAlias':","                        return 'my_app';","                    case 'npm_package_version':","                        return '0.0.1';","                    }","                });","        }","        // run the cli","        if (local.global.utility2_rollup || module !== require.main) {","            break;","        }","        local.assetsDict['/assets.example.js'] =","            local.assetsDict['/assets.example.js'] ||","            local.fs.readFileSync(__filename, 'utf8');","        // bug-workaround - long $npm_package_buildCustomOrg","        /* jslint-ignore-begin */","        local.assetsDict['/assets.npmtest_vasync.rollup.js'] =","            local.assetsDict['/assets.npmtest_vasync.rollup.js'] ||","            local.fs.readFileSync(","                local.npmtest_vasync.__dirname + '/lib.npmtest_vasync.js',","                'utf8'","            ).replace((/^#!/), '//');","        /* jslint-ignore-end */","        local.assetsDict['/favicon.ico'] = local.assetsDict['/favicon.ico'] || '';","        // if $npm_config_timeout_exit exists,","        // then exit this process after $npm_config_timeout_exit ms","        if (Number(process.env.npm_config_timeout_exit)) {","            setTimeout(process.exit, Number(process.env.npm_config_timeout_exit));","        }","        // start server","        if (local.global.utility2_serverHttp1) {","            break;","        }","        process.env.PORT = process.env.PORT || '8081';","        console.error('server starting on port ' + process.env.PORT);","        local.http.createServer(function (request, response) {","            request.urlParsed = local.url.parse(request.url);","            if (local.assetsDict[request.urlParsed.pathname] !== undefined) {","                response.end(local.assetsDict[request.urlParsed.pathname]);","                return;","            }","            response.statusCode = 404;","            response.end();","        }).listen(process.env.PORT);","        break;","    }","}());",""],"l":{"26":2,"28":2,"33":2,"35":2,"37":2,"38":2,"39":2,"44":1,"51":2,"55":2,"59":2,"61":2,"69":1,"70":2,"76":2,"79":2,"82":2,"83":2,"85":1,"89":2,"92":1,"93":1,"94":1,"96":1,"97":1,"100":1,"101":1,"103":1,"106":1,"108":2,"114":1,"116":1,"118":1,"123":1,"124":2,"125":2,"126":3,"127":3,"128":3,"129":3,"130":1,"133":3,"134":3,"139":3,"143":1,"144":3,"145":1,"149":1,"150":1,"158":1,"160":1,"161":1,"162":1,"164":1,"166":1,"258":1,"259":1,"271":1,"274":6,"275":6,"277":1,"279":2,"281":1,"283":2,"288":1,"289":1,"291":1,"296":1,"303":1,"306":1,"307":1,"310":1,"311":1,"313":1,"314":1,"315":1,"316":1,"317":1,"318":1,"319":1,"321":1,"322":1,"324":1}},"/home/travis/build/npmtest/node-npmtest-vasync/node_modules/vasync/lib/vasync.js":{"path":"/home/travis/build/npmtest/node-npmtest-vasync/node_modules/vasync/lib/vasync.js","s":{"1":1,"2":1,"3":1,"4":1,"5":1,"6":1,"7":1,"8":1,"9":1,"10":1,"11":1,"12":1,"13":1,"14":0,"15":0,"16":0,"17":0,"18":0,"19":1,"20":0,"21":0,"22":0,"23":0,"24":1,"25":0,"26":0,"27":0,"28":0,"29":0,"30":0,"31":0,"32":0,"33":0,"34":0,"35":0,"36":0,"37":0,"38":0,"39":0,"40":0,"41":0,"42":0,"43":0,"44":0,"45":0,"46":0,"47":0,"48":0,"49":0,"50":0,"51":0,"52":0,"53":0,"54":0,"55":0,"56":1,"57":0,"58":0,"59":0,"60":0,"61":0,"62":0,"63":0,"64":0,"65":0,"66":1,"67":0,"68":0,"69":0,"70":0,"71":0,"72":0,"73":0,"74":0,"75":0,"76":0,"77":0,"78":0,"79":0,"80":0,"81":0,"82":0,"83":0,"84":0,"85":0,"86":0,"87":0,"88":0,"89":0,"90":0,"91":0,"92":0,"93":0,"94":0,"95":0,"96":0,"97":0,"98":1,"99":0,"100":0,"101":0,"102":0,"103":0,"104":0,"105":0,"106":0,"107":0,"108":1,"109":0,"110":1,"111":0,"112":1,"113":0,"114":0,"115":0,"116":0,"117":0,"118":0,"119":0,"120":0,"121":0,"122":0,"123":0,"124":0,"125":0,"126":0,"127":0,"128":0,"129":0,"130":0,"131":0,"132":1,"133":1,"134":0,"135":0,"136":0,"137":0,"138":0,"139":1,"140":0,"141":0,"142":0,"143":0,"144":1,"145":0,"146":0,"147":0,"148":0,"149":0,"150":0,"151":0,"152":0,"153":0,"154":1,"155":0,"156":0,"157":0,"158":0,"159":0,"160":0,"161":0,"162":1,"163":0,"164":0,"165":0,"166":0,"167":0,"168":0,"169":0,"170":0,"171":0,"172":0,"173":0,"174":0,"175":0,"176":0,"177":0,"178":0,"179":1,"180":0,"181":0,"182":0,"183":0,"184":0,"185":0,"186":0,"187":0,"188":0,"189":0,"190":0,"191":0,"192":0,"193":0,"194":0,"195":0,"196":0,"197":1,"198":0,"199":1,"200":0,"201":0,"202":0,"203":0,"204":1,"205":0,"206":1,"207":0,"208":0,"209":0,"210":0,"211":0,"212":0,"213":0,"214":0,"215":1,"216":1,"217":0,"218":0,"219":1,"220":0,"221":0,"222":0,"223":0,"224":0,"225":0,"226":0,"227":0,"228":0,"229":0,"230":0,"231":0,"232":0,"233":0,"234":1,"235":0,"236":0,"237":0,"238":0,"239":0,"240":0,"241":0,"242":0,"243":0,"244":0,"245":0,"246":0,"247":0,"248":0,"249":0,"250":0,"251":0,"252":0,"253":0,"254":0,"255":0,"256":0,"257":0,"258":0,"259":0,"260":0,"261":0,"262":0,"263":0,"264":0,"265":0,"266":0,"267":0,"268":0,"269":0,"270":0,"271":0,"272":0,"273":0,"274":0,"275":0},"b":{"1":[0,1],"2":[0,0],"3":[0,0],"4":[0,0],"5":[0,0],"6":[0,0],"7":[0,0],"8":[0,0],"9":[0,0],"10":[0,0],"11":[0,0],"12":[0,0],"13":[0,0],"14":[0,0],"15":[0,0],"16":[0,0],"17":[0,0],"18":[0,0],"19":[0,0],"20":[0,0],"21":[0,0],"22":[0,0],"23":[0,0],"24":[0,0],"25":[0,0],"26":[0,0],"27":[0,0],"28":[0,0],"29":[0,0],"30":[0,0],"31":[0,0],"32":[0,0],"33":[0,0],"34":[0,0],"35":[0,0,0],"36":[0,0],"37":[0,0],"38":[0,0],"39":[0,0],"40":[0,0],"41":[0,0],"42":[0,0],"43":[0,0],"44":[0,0],"45":[0,0],"46":[0,0],"47":[0,0],"48":[0,0],"49":[0,0],"50":[0,0],"51":[0,0],"52":[0,0],"53":[0,0],"54":[0,0]},"f":{"1":0,"2":0,"3":0,"4":0,"5":0,"6":0,"7":0,"8":0,"9":0,"10":0,"11":0,"12":0,"13":0,"14":0,"15":0,"16":0,"17":0,"18":0,"19":0,"20":0,"21":0,"22":0,"23":0,"24":0,"25":0,"26":0,"27":0,"28":0,"29":0,"30":0,"31":0,"32":0,"33":0,"34":0,"35":0,"36":0,"37":0,"38":0,"39":0,"40":0,"41":0,"42":0,"43":0,"44":0},"fnMap":{"1":{"name":"(anonymous_1)","line":23,"loc":{"start":{"line":23,"column":23},"end":{"line":23,"column":39}}},"2":{"name":"isEmpty","line":36,"loc":{"start":{"line":36,"column":0},"end":{"line":37,"column":0}}},"3":{"name":"parallel","line":49,"loc":{"start":{"line":49,"column":0},"end":{"line":50,"column":0}}},"4":{"name":"(anonymous_4)","line":69,"loc":{"start":{"line":69,"column":15},"end":{"line":69,"column":27}}},"5":{"name":"(anonymous_5)","line":73,"loc":{"start":{"line":73,"column":11},"end":{"line":73,"column":28}}},"6":{"name":"(anonymous_6)","line":74,"loc":{"start":{"line":74,"column":10},"end":{"line":74,"column":33}}},"7":{"name":"(anonymous_7)","line":89,"loc":{"start":{"line":89,"column":40},"end":{"line":89,"column":55}}},"8":{"name":"(anonymous_8)","line":91,"loc":{"start":{"line":91,"column":10},"end":{"line":91,"column":25}}},"9":{"name":"forEachParallel","line":122,"loc":{"start":{"line":122,"column":0},"end":{"line":123,"column":0}}},"10":{"name":"(anonymous_10)","line":133,"loc":{"start":{"line":133,"column":28},"end":{"line":133,"column":45}}},"11":{"name":"(anonymous_11)","line":134,"loc":{"start":{"line":134,"column":10},"end":{"line":134,"column":33}}},"12":{"name":"pipeline","line":150,"loc":{"start":{"line":150,"column":0},"end":{"line":151,"column":0}}},"13":{"name":"(anonymous_13)","line":162,"loc":{"start":{"line":162,"column":29},"end":{"line":162,"column":45}}},"14":{"name":"(anonymous_14)","line":175,"loc":{"start":{"line":175,"column":15},"end":{"line":175,"column":27}}},"15":{"name":"(anonymous_15)","line":179,"loc":{"start":{"line":179,"column":8},"end":{"line":179,"column":31}}},"16":{"name":"(anonymous_16)","line":212,"loc":{"start":{"line":212,"column":16},"end":{"line":212,"column":28}}},"17":{"name":"forEachPipeline","line":233,"loc":{"start":{"line":233,"column":0},"end":{"line":233,"column":41}}},"18":{"name":"(anonymous_18)","line":244,"loc":{"start":{"line":244,"column":35},"end":{"line":244,"column":52}}},"19":{"name":"(anonymous_19)","line":245,"loc":{"start":{"line":245,"column":10},"end":{"line":245,"column":36}}},"20":{"name":"queue","line":257,"loc":{"start":{"line":257,"column":0},"end":{"line":258,"column":0}}},"21":{"name":"queuev","line":265,"loc":{"start":{"line":265,"column":0},"end":{"line":266,"column":0}}},"22":{"name":"WorkQueue","line":270,"loc":{"start":{"line":270,"column":0},"end":{"line":271,"column":0}}},"23":{"name":"(anonymous_23)","line":299,"loc":{"start":{"line":299,"column":27},"end":{"line":300,"column":0}}},"24":{"name":"(anonymous_24)","line":305,"loc":{"start":{"line":305,"column":19},"end":{"line":305,"column":35}}},"25":{"name":"(anonymous_25)","line":310,"loc":{"start":{"line":310,"column":40},"end":{"line":311,"column":0}}},"26":{"name":"(anonymous_26)","line":319,"loc":{"start":{"line":319,"column":28},"end":{"line":320,"column":0}}},"27":{"name":"(anonymous_27)","line":332,"loc":{"start":{"line":332,"column":15},"end":{"line":332,"column":27}}},"28":{"name":"(anonymous_28)","line":342,"loc":{"start":{"line":342,"column":30},"end":{"line":343,"column":0}}},"29":{"name":"(anonymous_29)","line":357,"loc":{"start":{"line":357,"column":35},"end":{"line":358,"column":0}}},"30":{"name":"(anonymous_30)","line":386,"loc":{"start":{"line":386,"column":31},"end":{"line":387,"column":0}}},"31":{"name":"(anonymous_31)","line":409,"loc":{"start":{"line":409,"column":14},"end":{"line":409,"column":26}}},"32":{"name":"(anonymous_32)","line":410,"loc":{"start":{"line":410,"column":27},"end":{"line":410,"column":42}}},"33":{"name":"(anonymous_33)","line":422,"loc":{"start":{"line":422,"column":29},"end":{"line":423,"column":0}}},"34":{"name":"(anonymous_34)","line":427,"loc":{"start":{"line":427,"column":27},"end":{"line":428,"column":0}}},"35":{"name":"barrier","line":438,"loc":{"start":{"line":438,"column":0},"end":{"line":439,"column":0}}},"36":{"name":"Barrier","line":443,"loc":{"start":{"line":443,"column":0},"end":{"line":444,"column":0}}},"37":{"name":"(anonymous_37)","line":464,"loc":{"start":{"line":464,"column":26},"end":{"line":465,"column":0}}},"38":{"name":"(anonymous_38)","line":471,"loc":{"start":{"line":471,"column":25},"end":{"line":472,"column":0}}},"39":{"name":"(anonymous_39)","line":506,"loc":{"start":{"line":506,"column":14},"end":{"line":506,"column":26}}},"40":{"name":"waterfall","line":536,"loc":{"start":{"line":536,"column":0},"end":{"line":537,"column":0}}},"41":{"name":"(anonymous_41)","line":545,"loc":{"start":{"line":545,"column":29},"end":{"line":545,"column":45}}},"42":{"name":"(anonymous_42)","line":559,"loc":{"start":{"line":559,"column":16},"end":{"line":559,"column":28}}},"43":{"name":"(anonymous_43)","line":563,"loc":{"start":{"line":563,"column":8},"end":{"line":563,"column":28}}},"44":{"name":"(anonymous_44)","line":600,"loc":{"start":{"line":600,"column":16},"end":{"line":600,"column":28}}}},"statementMap":{"1":{"start":{"line":5,"column":0},"end":{"line":5,"column":35}},"2":{"start":{"line":6,"column":0},"end":{"line":6,"column":35}},"3":{"start":{"line":7,"column":0},"end":{"line":7,"column":31}},"4":{"start":{"line":8,"column":0},"end":{"line":8,"column":35}},"5":{"start":{"line":13,"column":0},"end":{"line":13,"column":28}},"6":{"start":{"line":14,"column":0},"end":{"line":14,"column":42}},"7":{"start":{"line":15,"column":0},"end":{"line":15,"column":28}},"8":{"start":{"line":16,"column":0},"end":{"line":16,"column":42}},"9":{"start":{"line":17,"column":0},"end":{"line":17,"column":22}},"10":{"start":{"line":18,"column":0},"end":{"line":18,"column":24}},"11":{"start":{"line":19,"column":0},"end":{"line":19,"column":26}},"12":{"start":{"line":20,"column":0},"end":{"line":20,"column":30}},"13":{"start":{"line":22,"column":0},"end":{"line":29,"column":1}},"14":{"start":{"line":23,"column":1},"end":{"line":28,"column":3}},"15":{"start":{"line":24,"column":2},"end":{"line":24,"column":54}},"16":{"start":{"line":25,"column":2},"end":{"line":25,"column":18}},"17":{"start":{"line":26,"column":2},"end":{"line":26,"column":21}},"18":{"start":{"line":27,"column":2},"end":{"line":27,"column":31}},"19":{"start":{"line":36,"column":0},"end":{"line":42,"column":1}},"20":{"start":{"line":38,"column":1},"end":{"line":38,"column":9}},"21":{"start":{"line":39,"column":1},"end":{"line":40,"column":17}},"22":{"start":{"line":40,"column":2},"end":{"line":40,"column":17}},"23":{"start":{"line":41,"column":1},"end":{"line":41,"column":15}},"24":{"start":{"line":49,"column":0},"end":{"line":111,"column":1}},"25":{"start":{"line":51,"column":1},"end":{"line":51,"column":27}},"26":{"start":{"line":53,"column":1},"end":{"line":53,"column":71}},"27":{"start":{"line":54,"column":1},"end":{"line":55,"column":60}},"28":{"start":{"line":56,"column":1},"end":{"line":57,"column":67}},"29":{"start":{"line":59,"column":1},"end":{"line":59,"column":32}},"30":{"start":{"line":61,"column":1},"end":{"line":66,"column":3}},"31":{"start":{"line":68,"column":1},"end":{"line":71,"column":2}},"32":{"start":{"line":69,"column":2},"end":{"line":69,"column":52}},"33":{"start":{"line":69,"column":29},"end":{"line":69,"column":48}},"34":{"start":{"line":70,"column":2},"end":{"line":70,"column":14}},"35":{"start":{"line":73,"column":1},"end":{"line":98,"column":3}},"36":{"start":{"line":74,"column":2},"end":{"line":97,"column":5}},"37":{"start":{"line":75,"column":3},"end":{"line":75,"column":48}},"38":{"start":{"line":77,"column":3},"end":{"line":77,"column":22}},"39":{"start":{"line":78,"column":3},"end":{"line":78,"column":28}},"40":{"start":{"line":79,"column":3},"end":{"line":79,"column":41}},"41":{"start":{"line":81,"column":3},"end":{"line":84,"column":33}},"42":{"start":{"line":82,"column":4},"end":{"line":82,"column":20}},"43":{"start":{"line":84,"column":4},"end":{"line":84,"column":33}},"44":{"start":{"line":86,"column":3},"end":{"line":87,"column":11}},"45":{"start":{"line":87,"column":4},"end":{"line":87,"column":11}},"46":{"start":{"line":89,"column":3},"end":{"line":91,"column":51}},"47":{"start":{"line":90,"column":4},"end":{"line":90,"column":37}},"48":{"start":{"line":91,"column":27},"end":{"line":91,"column":47}},"49":{"start":{"line":93,"column":3},"end":{"line":96,"column":23}},"50":{"start":{"line":94,"column":4},"end":{"line":94,"column":52}},"51":{"start":{"line":96,"column":4},"end":{"line":96,"column":23}},"52":{"start":{"line":100,"column":1},"end":{"line":108,"column":2}},"53":{"start":{"line":101,"column":2},"end":{"line":105,"column":4}},"54":{"start":{"line":107,"column":2},"end":{"line":107,"column":41}},"55":{"start":{"line":110,"column":1},"end":{"line":110,"column":13}},"56":{"start":{"line":122,"column":0},"end":{"line":140,"column":1}},"57":{"start":{"line":124,"column":1},"end":{"line":124,"column":17}},"58":{"start":{"line":126,"column":1},"end":{"line":126,"column":71}},"59":{"start":{"line":127,"column":1},"end":{"line":128,"column":61}},"60":{"start":{"line":129,"column":1},"end":{"line":130,"column":61}},"61":{"start":{"line":132,"column":1},"end":{"line":132,"column":21}},"62":{"start":{"line":133,"column":1},"end":{"line":137,"column":4}},"63":{"start":{"line":134,"column":2},"end":{"line":136,"column":5}},"64":{"start":{"line":135,"column":3},"end":{"line":135,"column":37}},"65":{"start":{"line":139,"column":1},"end":{"line":139,"column":49}},"66":{"start":{"line":150,"column":0},"end":{"line":222,"column":1}},"67":{"start":{"line":152,"column":1},"end":{"line":152,"column":27}},"68":{"start":{"line":154,"column":1},"end":{"line":154,"column":71}},"69":{"start":{"line":155,"column":1},"end":{"line":156,"column":60}},"70":{"start":{"line":158,"column":1},"end":{"line":158,"column":32}},"71":{"start":{"line":159,"column":1},"end":{"line":159,"column":20}},"72":{"start":{"line":161,"column":1},"end":{"line":172,"column":3}},"73":{"start":{"line":163,"column":2},"end":{"line":167,"column":5}},"74":{"start":{"line":174,"column":1},"end":{"line":177,"column":2}},"75":{"start":{"line":175,"column":2},"end":{"line":175,"column":52}},"76":{"start":{"line":175,"column":29},"end":{"line":175,"column":48}},"77":{"start":{"line":176,"column":2},"end":{"line":176,"column":14}},"78":{"start":{"line":179,"column":1},"end":{"line":216,"column":3}},"79":{"start":{"line":180,"column":2},"end":{"line":185,"column":3}},"80":{"start":{"line":182,"column":3},"end":{"line":184,"column":29}},"81":{"start":{"line":187,"column":2},"end":{"line":187,"column":46}},"82":{"start":{"line":189,"column":2},"end":{"line":189,"column":47}},"83":{"start":{"line":191,"column":2},"end":{"line":191,"column":40}},"84":{"start":{"line":192,"column":2},"end":{"line":192,"column":21}},"85":{"start":{"line":193,"column":2},"end":{"line":193,"column":27}},"86":{"start":{"line":195,"column":2},"end":{"line":198,"column":32}},"87":{"start":{"line":196,"column":3},"end":{"line":196,"column":19}},"88":{"start":{"line":198,"column":3},"end":{"line":198,"column":32}},"89":{"start":{"line":200,"column":2},"end":{"line":215,"column":3}},"90":{"start":{"line":201,"column":3},"end":{"line":201,"column":21}},"91":{"start":{"line":203,"column":3},"end":{"line":203,"column":47}},"92":{"start":{"line":204,"column":3},"end":{"line":204,"column":33}},"93":{"start":{"line":212,"column":3},"end":{"line":214,"column":6}},"94":{"start":{"line":213,"column":4},"end":{"line":213,"column":32}},"95":{"start":{"line":218,"column":1},"end":{"line":218,"column":43}},"96":{"start":{"line":219,"column":1},"end":{"line":219,"column":22}},"97":{"start":{"line":221,"column":1},"end":{"line":221,"column":13}},"98":{"start":{"line":233,"column":0},"end":{"line":251,"column":1}},"99":{"start":{"line":234,"column":4},"end":{"line":234,"column":74}},"100":{"start":{"line":235,"column":4},"end":{"line":236,"column":58}},"101":{"start":{"line":237,"column":4},"end":{"line":238,"column":58}},"102":{"start":{"line":239,"column":4},"end":{"line":240,"column":64}},"103":{"start":{"line":242,"column":4},"end":{"line":242,"column":28}},"104":{"start":{"line":244,"column":4},"end":{"line":248,"column":7}},"105":{"start":{"line":245,"column":2},"end":{"line":247,"column":5}},"106":{"start":{"line":246,"column":3},"end":{"line":246,"column":37}},"107":{"start":{"line":250,"column":4},"end":{"line":250,"column":50}},"108":{"start":{"line":257,"column":0},"end":{"line":263,"column":1}},"109":{"start":{"line":259,"column":1},"end":{"line":262,"column":5}},"110":{"start":{"line":265,"column":0},"end":{"line":268,"column":1}},"111":{"start":{"line":267,"column":1},"end":{"line":267,"column":30}},"112":{"start":{"line":270,"column":0},"end":{"line":295,"column":1}},"113":{"start":{"line":272,"column":1},"end":{"line":272,"column":46}},"114":{"start":{"line":273,"column":1},"end":{"line":273,"column":55}},"115":{"start":{"line":274,"column":1},"end":{"line":274,"column":51}},"116":{"start":{"line":275,"column":1},"end":{"line":275,"column":58}},"117":{"start":{"line":276,"column":1},"end":{"line":276,"column":72}},"118":{"start":{"line":277,"column":1},"end":{"line":277,"column":40}},"119":{"start":{"line":279,"column":1},"end":{"line":279,"column":36}},"120":{"start":{"line":281,"column":1},"end":{"line":281,"column":17}},"121":{"start":{"line":282,"column":1},"end":{"line":282,"column":30}},"122":{"start":{"line":283,"column":1},"end":{"line":283,"column":50}},"123":{"start":{"line":284,"column":1},"end":{"line":284,"column":19}},"124":{"start":{"line":285,"column":1},"end":{"line":285,"column":19}},"125":{"start":{"line":286,"column":1},"end":{"line":286,"column":18}},"126":{"start":{"line":287,"column":1},"end":{"line":287,"column":21}},"127":{"start":{"line":288,"column":1},"end":{"line":288,"column":20}},"128":{"start":{"line":291,"column":1},"end":{"line":291,"column":40}},"129":{"start":{"line":292,"column":1},"end":{"line":292,"column":28}},"130":{"start":{"line":293,"column":1},"end":{"line":293,"column":24}},"131":{"start":{"line":294,"column":1},"end":{"line":294,"column":24}},"132":{"start":{"line":297,"column":0},"end":{"line":297,"column":54}},"133":{"start":{"line":299,"column":0},"end":{"line":308,"column":2}},"134":{"start":{"line":301,"column":1},"end":{"line":302,"column":41}},"135":{"start":{"line":302,"column":2},"end":{"line":302,"column":41}},"136":{"start":{"line":304,"column":1},"end":{"line":304,"column":15}},"137":{"start":{"line":305,"column":1},"end":{"line":307,"column":5}},"138":{"start":{"line":306,"column":5},"end":{"line":306,"column":41}},"139":{"start":{"line":310,"column":0},"end":{"line":317,"column":2}},"140":{"start":{"line":312,"column":1},"end":{"line":314,"column":52}},"141":{"start":{"line":313,"column":2},"end":{"line":314,"column":52}},"142":{"start":{"line":315,"column":1},"end":{"line":315,"column":32}},"143":{"start":{"line":316,"column":1},"end":{"line":316,"column":21}},"144":{"start":{"line":319,"column":0},"end":{"line":339,"column":2}},"145":{"start":{"line":321,"column":1},"end":{"line":321,"column":15}},"146":{"start":{"line":323,"column":1},"end":{"line":324,"column":9}},"147":{"start":{"line":324,"column":2},"end":{"line":324,"column":9}},"148":{"start":{"line":325,"column":1},"end":{"line":325,"column":18}},"149":{"start":{"line":331,"column":1},"end":{"line":338,"column":2}},"150":{"start":{"line":332,"column":2},"end":{"line":337,"column":5}},"151":{"start":{"line":333,"column":3},"end":{"line":336,"column":4}},"152":{"start":{"line":334,"column":4},"end":{"line":334,"column":20}},"153":{"start":{"line":335,"column":4},"end":{"line":335,"column":19}},"154":{"start":{"line":342,"column":0},"end":{"line":354,"column":2}},"155":{"start":{"line":344,"column":1},"end":{"line":345,"column":65}},"156":{"start":{"line":345,"column":2},"end":{"line":345,"column":65}},"157":{"start":{"line":347,"column":1},"end":{"line":347,"column":24}},"158":{"start":{"line":348,"column":1},"end":{"line":348,"column":62}},"159":{"start":{"line":350,"column":1},"end":{"line":350,"column":25}},"160":{"start":{"line":351,"column":1},"end":{"line":351,"column":21}},"161":{"start":{"line":353,"column":1},"end":{"line":353,"column":13}},"162":{"start":{"line":357,"column":0},"end":{"line":384,"column":2}},"163":{"start":{"line":359,"column":1},"end":{"line":359,"column":15}},"164":{"start":{"line":360,"column":1},"end":{"line":383,"column":2}},"165":{"start":{"line":361,"column":2},"end":{"line":362,"column":14}},"166":{"start":{"line":362,"column":3},"end":{"line":362,"column":14}},"167":{"start":{"line":363,"column":2},"end":{"line":363,"column":19}},"168":{"start":{"line":368,"column":2},"end":{"line":371,"column":3}},"169":{"start":{"line":369,"column":3},"end":{"line":369,"column":19}},"170":{"start":{"line":370,"column":3},"end":{"line":370,"column":18}},"171":{"start":{"line":372,"column":8},"end":{"line":383,"column":2}},"172":{"start":{"line":373,"column":2},"end":{"line":382,"column":3}},"173":{"start":{"line":374,"column":3},"end":{"line":374,"column":32}},"174":{"start":{"line":375,"column":3},"end":{"line":375,"column":21}},"175":{"start":{"line":377,"column":3},"end":{"line":381,"column":4}},"176":{"start":{"line":378,"column":4},"end":{"line":379,"column":16}},"177":{"start":{"line":379,"column":5},"end":{"line":379,"column":16}},"178":{"start":{"line":380,"column":4},"end":{"line":380,"column":21}},"179":{"start":{"line":386,"column":0},"end":{"line":420,"column":2}},"180":{"start":{"line":388,"column":1},"end":{"line":388,"column":15}},"181":{"start":{"line":390,"column":1},"end":{"line":390,"column":58}},"182":{"start":{"line":391,"column":1},"end":{"line":391,"column":49}},"183":{"start":{"line":392,"column":1},"end":{"line":392,"column":28}},"184":{"start":{"line":394,"column":1},"end":{"line":394,"column":17}},"185":{"start":{"line":395,"column":1},"end":{"line":395,"column":35}},"186":{"start":{"line":397,"column":1},"end":{"line":401,"column":2}},"187":{"start":{"line":398,"column":2},"end":{"line":399,"column":20}},"188":{"start":{"line":399,"column":3},"end":{"line":399,"column":20}},"189":{"start":{"line":400,"column":2},"end":{"line":400,"column":25}},"190":{"start":{"line":409,"column":1},"end":{"line":419,"column":4}},"191":{"start":{"line":410,"column":2},"end":{"line":418,"column":5}},"192":{"start":{"line":411,"column":3},"end":{"line":411,"column":17}},"193":{"start":{"line":412,"column":3},"end":{"line":412,"column":36}},"194":{"start":{"line":414,"column":3},"end":{"line":415,"column":45}},"195":{"start":{"line":415,"column":4},"end":{"line":415,"column":45}},"196":{"start":{"line":417,"column":3},"end":{"line":417,"column":21}},"197":{"start":{"line":422,"column":0},"end":{"line":425,"column":2}},"198":{"start":{"line":424,"column":1},"end":{"line":424,"column":29}},"199":{"start":{"line":427,"column":0},"end":{"line":433,"column":2}},"200":{"start":{"line":429,"column":1},"end":{"line":429,"column":20}},"201":{"start":{"line":430,"column":1},"end":{"line":430,"column":18}},"202":{"start":{"line":431,"column":1},"end":{"line":431,"column":24}},"203":{"start":{"line":432,"column":1},"end":{"line":432,"column":14}},"204":{"start":{"line":438,"column":0},"end":{"line":441,"column":1}},"205":{"start":{"line":440,"column":1},"end":{"line":440,"column":28}},"206":{"start":{"line":443,"column":0},"end":{"line":460,"column":1}},"207":{"start":{"line":445,"column":1},"end":{"line":447,"column":42}},"208":{"start":{"line":449,"column":1},"end":{"line":449,"column":36}},"209":{"start":{"line":451,"column":1},"end":{"line":451,"column":62}},"210":{"start":{"line":453,"column":1},"end":{"line":456,"column":2}},"211":{"start":{"line":454,"column":2},"end":{"line":454,"column":25}},"212":{"start":{"line":455,"column":2},"end":{"line":455,"column":19}},"213":{"start":{"line":458,"column":1},"end":{"line":458,"column":19}},"214":{"start":{"line":459,"column":1},"end":{"line":459,"column":24}},"215":{"start":{"line":462,"column":0},"end":{"line":462,"column":52}},"216":{"start":{"line":464,"column":0},"end":{"line":469,"column":2}},"217":{"start":{"line":466,"column":1},"end":{"line":467,"column":52}},"218":{"start":{"line":468,"column":1},"end":{"line":468,"column":33}},"219":{"start":{"line":471,"column":0},"end":{"line":517,"column":2}},"220":{"start":{"line":473,"column":1},"end":{"line":474,"column":48}},"221":{"start":{"line":476,"column":1},"end":{"line":485,"column":2}},"222":{"start":{"line":477,"column":2},"end":{"line":481,"column":5}},"223":{"start":{"line":483,"column":2},"end":{"line":484,"column":23}},"224":{"start":{"line":484,"column":3},"end":{"line":484,"column":23}},"225":{"start":{"line":487,"column":1},"end":{"line":487,"column":29}},"226":{"start":{"line":499,"column":1},"end":{"line":500,"column":9}},"227":{"start":{"line":500,"column":2},"end":{"line":500,"column":9}},"228":{"start":{"line":502,"column":1},"end":{"line":502,"column":23}},"229":{"start":{"line":504,"column":1},"end":{"line":504,"column":17}},"230":{"start":{"line":506,"column":1},"end":{"line":516,"column":4}},"231":{"start":{"line":507,"column":2},"end":{"line":507,"column":25}},"232":{"start":{"line":514,"column":2},"end":{"line":515,"column":22}},"233":{"start":{"line":515,"column":3},"end":{"line":515,"column":22}},"234":{"start":{"line":536,"column":0},"end":{"line":610,"column":1}},"235":{"start":{"line":538,"column":1},"end":{"line":538,"column":23}},"236":{"start":{"line":540,"column":1},"end":{"line":540,"column":37}},"237":{"start":{"line":541,"column":1},"end":{"line":541,"column":73}},"238":{"start":{"line":542,"column":1},"end":{"line":542,"column":24}},"239":{"start":{"line":544,"column":1},"end":{"line":555,"column":3}},"240":{"start":{"line":546,"column":9},"end":{"line":550,"column":5}},"241":{"start":{"line":557,"column":1},"end":{"line":561,"column":2}},"242":{"start":{"line":558,"column":2},"end":{"line":559,"column":53}},"243":{"start":{"line":559,"column":3},"end":{"line":559,"column":53}},"244":{"start":{"line":559,"column":30},"end":{"line":559,"column":49}},"245":{"start":{"line":560,"column":2},"end":{"line":560,"column":14}},"246":{"start":{"line":563,"column":1},"end":{"line":604,"column":3}},"247":{"start":{"line":564,"column":2},"end":{"line":564,"column":29}},"248":{"start":{"line":566,"column":2},"end":{"line":567,"column":14}},"249":{"start":{"line":567,"column":3},"end":{"line":567,"column":14}},"250":{"start":{"line":569,"column":2},"end":{"line":574,"column":3}},"251":{"start":{"line":570,"column":3},"end":{"line":573,"column":40}},"252":{"start":{"line":576,"column":2},"end":{"line":576,"column":37}},"253":{"start":{"line":577,"column":2},"end":{"line":577,"column":42}},"254":{"start":{"line":578,"column":2},"end":{"line":578,"column":50}},"255":{"start":{"line":580,"column":2},"end":{"line":580,"column":47}},"256":{"start":{"line":581,"column":2},"end":{"line":581,"column":40}},"257":{"start":{"line":582,"column":2},"end":{"line":582,"column":21}},"258":{"start":{"line":583,"column":2},"end":{"line":583,"column":26}},"259":{"start":{"line":585,"column":2},"end":{"line":588,"column":30}},"260":{"start":{"line":586,"column":3},"end":{"line":586,"column":19}},"261":{"start":{"line":588,"column":3},"end":{"line":588,"column":30}},"262":{"start":{"line":590,"column":2},"end":{"line":603,"column":3}},"263":{"start":{"line":591,"column":3},"end":{"line":594,"column":4}},"264":{"start":{"line":592,"column":4},"end":{"line":592,"column":22}},"265":{"start":{"line":593,"column":4},"end":{"line":593,"column":31}},"266":{"start":{"line":596,"column":3},"end":{"line":596,"column":45}},"267":{"start":{"line":597,"column":3},"end":{"line":597,"column":35}},"268":{"start":{"line":598,"column":3},"end":{"line":598,"column":13}},"269":{"start":{"line":599,"column":3},"end":{"line":599,"column":39}},"270":{"start":{"line":600,"column":3},"end":{"line":602,"column":6}},"271":{"start":{"line":601,"column":4},"end":{"line":601,"column":40}},"272":{"start":{"line":606,"column":1},"end":{"line":606,"column":43}},"273":{"start":{"line":607,"column":1},"end":{"line":607,"column":13}},"274":{"start":{"line":608,"column":1},"end":{"line":608,"column":36}},"275":{"start":{"line":609,"column":1},"end":{"line":609,"column":13}}},"branchMap":{"1":{"line":22,"type":"if","locations":[{"start":{"line":22,"column":0},"end":{"line":22,"column":0}},{"start":{"line":22,"column":0},"end":{"line":22,"column":0}}]},"2":{"line":68,"type":"if","locations":[{"start":{"line":68,"column":1},"end":{"line":68,"column":1}},{"start":{"line":68,"column":1},"end":{"line":68,"column":1}}]},"3":{"line":79,"type":"cond-expr","locations":[{"start":{"line":79,"column":27},"end":{"line":79,"column":33}},{"start":{"line":79,"column":36},"end":{"line":79,"column":40}}]},"4":{"line":81,"type":"if","locations":[{"start":{"line":81,"column":3},"end":{"line":81,"column":3}},{"start":{"line":81,"column":3},"end":{"line":81,"column":3}}]},"5":{"line":86,"type":"if","locations":[{"start":{"line":86,"column":3},"end":{"line":86,"column":3}},{"start":{"line":86,"column":3},"end":{"line":86,"column":3}}]},"6":{"line":93,"type":"if","locations":[{"start":{"line":93,"column":3},"end":{"line":93,"column":3}},{"start":{"line":93,"column":3},"end":{"line":93,"column":3}}]},"7":{"line":103,"type":"binary-expr","locations":[{"start":{"line":103,"column":15},"end":{"line":103,"column":28}},{"start":{"line":103,"column":32},"end":{"line":103,"column":40}}]},"8":{"line":165,"type":"binary-expr","locations":[{"start":{"line":165,"column":18},"end":{"line":165,"column":27}},{"start":{"line":165,"column":31},"end":{"line":165,"column":39}}]},"9":{"line":174,"type":"if","locations":[{"start":{"line":174,"column":1},"end":{"line":174,"column":1}},{"start":{"line":174,"column":1},"end":{"line":174,"column":1}}]},"10":{"line":180,"type":"if","locations":[{"start":{"line":180,"column":2},"end":{"line":180,"column":2}},{"start":{"line":180,"column":2},"end":{"line":180,"column":2}}]},"11":{"line":180,"type":"binary-expr","locations":[{"start":{"line":180,"column":6},"end":{"line":180,"column":23}},{"start":{"line":181,"column":6},"end":{"line":181,"column":44}}]},"12":{"line":191,"type":"cond-expr","locations":[{"start":{"line":191,"column":26},"end":{"line":191,"column":32}},{"start":{"line":191,"column":35},"end":{"line":191,"column":39}}]},"13":{"line":195,"type":"if","locations":[{"start":{"line":195,"column":2},"end":{"line":195,"column":2}},{"start":{"line":195,"column":2},"end":{"line":195,"column":2}}]},"14":{"line":200,"type":"if","locations":[{"start":{"line":200,"column":2},"end":{"line":200,"column":2}},{"start":{"line":200,"column":2},"end":{"line":200,"column":2}}]},"15":{"line":200,"type":"binary-expr","locations":[{"start":{"line":200,"column":6},"end":{"line":200,"column":9}},{"start":{"line":200,"column":13},"end":{"line":200,"column":40}}]},"16":{"line":283,"type":"binary-expr","locations":[{"start":{"li
[...]
olumn":2}},{"start":{"line":566,"column":2},"end":{"line":566,"column":2}}]},"49":{"line":569,"type":"if","locations":[{"start":{"line":569,"column":2},"end":{"line":569,"column":2}},{"start":{"line":569,"column":2},"end":{"line":569,"column":2}}]},"50":{"line":581,"type":"cond-expr","locations":[{"start":{"line":581,"column":26},"end":{"line":581,"column":32}},{"start":{"line":581,"column":35},"end":{"line":581,"column":39}}]},"51":{"line":585,"type":"if","locations":[{"start":{"line":585,"column":2},"end":{"line":585,"column":2}},{"start":{"line":585,"column":2},"end":{"line":585,"column":2}}]},"52":{"line":590,"type":"if","locations":[{"start":{"line":590,"column":2},"end":{"line":590,"column":2}},{"start":{"line":590,"column":2},"end":{"line":590,"column":2}}]},"53":{"line":590,"type":"binary-expr","locations":[{"start":{"line":590,"column":6},"end":{"line":590,"column":9}},{"start":{"line":590,"column":13},"end":{"line":590,"column":40}}]},"54":{"line":591,"type":"if","locations":[{"start":{"line":591,"column":3},"end":{"line":591,"column":3}},{"start":{"line":591,"column":3},"end":{"line":591,"column":3}}]}},"code":["/*"," * vasync.js: utilities for observable asynchronous control flow"," */","","var mod_assert = require('assert');","var mod_events = require('events');","var mod_util = require('util');","var mod_verror = require('verror');","","/*"," * Public interface"," */","exports.parallel = parallel;","exports.forEachParallel = forEachParallel;","exports.pipeline = pipeline;","exports.forEachPipeline = forEachPipeline;","exports.queue = queue;","exports.queuev = queuev;","exports.barrier = barrier;","exports.waterfall = waterfall;","","if (!global.setImmediate) {","\tglobal.setImmediate = function (func) {","\t\tvar args = Array.prototype.slice.call(arguments, 1);","\t\targs.unshift(0);","\t\targs.unshift(func);","\t\tsetTimeout.apply(this, args);","\t};","}","","/*"," * This is incorporated here from jsprim because jsprim ends up pulling in a lot"," * of dependencies.  If we end up needing more from jsprim, though, we should"," * add it back and rip out this function."," */","function isEmpty(obj)","{","\tvar key;","\tfor (key in obj)","\t\treturn (false);","\treturn (true);","}","","/*"," * Given a set of functions that complete asynchronously using the standard"," * callback(err, result) pattern, invoke them all and merge the results.  See"," * README.md for details."," */","function parallel(args, callback)","{","\tvar funcs, rv, doneOne, i;","","\tmod_assert.equal(typeof (args), 'object', '\"args\" must be an object');","\tmod_assert.ok(Array.isArray(args['funcs']),","\t    '\"args.funcs\" must be specified and must be an array');","\tmod_assert.equal(typeof (callback), 'function',","\t    'callback argument must be specified and must be a function');","","\tfuncs = args['funcs'].slice(0);","","\trv = {","\t    'operations': new Array(funcs.length),","\t    'successes': [],","\t    'ndone': 0,","\t    'nerrors': 0","\t};","","\tif (funcs.length === 0) {","\t\tsetImmediate(function () { callback(null, rv); });","\t\treturn (rv);","\t}","","\tdoneOne = function (entry) {","\t\treturn (function (err, result) {","\t\t\tmod_assert.equal(entry['status'], 'pending');","","\t\t\tentry['err'] = err;","\t\t\tentry['result'] = result;","\t\t\tentry['status'] = err ? 'fail' : 'ok';","","\t\t\tif (err)","\t\t\t\trv['nerrors']++;","\t\t\telse","\t\t\t\trv['successes'].push(result);","","\t\t\tif (++rv['ndone'] < funcs.length)","\t\t\t\treturn;","","\t\t\tvar errors = rv['operations'].filter(function (ent) {","\t\t\t\treturn (ent['status'] == 'fail');","\t\t\t}).map(function (ent) { return (ent['err']); });","","\t\t\tif (errors.length > 0)","\t\t\t\tcallback(new mod_verror.MultiError(errors), rv);","\t\t\telse","\t\t\t\tcallback(null, rv);","\t\t});","\t};","","\tfor (i = 0; i < funcs.length; i++) {","\t\trv['operations'][i] = {","\t\t\t'func': funcs[i],","\t\t\t'funcname': funcs[i].name || '(anon)',","\t\t\t'status': 'pending'","\t\t};","","\t\tfuncs[i](doneOne(rv['operations'][i]));","\t}","","\treturn (rv);","}","","/*"," * Exactly like parallel, except that the input is specified as a single"," * function to invoke on N different inputs (rather than N functions).  \"args\""," * must have the following fields:"," *"," *\tfunc\t\tasynchronous function to invoke on each input value"," *"," *\tinputs\t\tarray of input values"," */","function forEachParallel(args, callback)","{","\tvar func, funcs;","","\tmod_assert.equal(typeof (args), 'object', '\"args\" must be an object');","\tmod_assert.equal(typeof (args['func']), 'function',","\t    '\"args.func\" must be specified and must be a function');","\tmod_assert.ok(Array.isArray(args['inputs']),","\t    '\"args.inputs\" must be specified and must be an array');","","\tfunc = args['func'];","\tfuncs = args['inputs'].map(function (input) {","\t\treturn (function (subcallback) {","\t\t\treturn (func(input, subcallback));","\t\t});","\t});","","\treturn (parallel({ 'funcs': funcs }, callback));","}","","/*"," * Like parallel, but invokes functions in sequence rather than in parallel"," * and aborts if any function exits with failure.  Arguments include:"," *"," *    funcs\tinvoke the functions in parallel"," *"," *    arg\tfirst argument to each pipeline function"," */","function pipeline(args, callback)","{","\tvar funcs, uarg, rv, next;","","\tmod_assert.equal(typeof (args), 'object', '\"args\" must be an object');","\tmod_assert.ok(Array.isArray(args['funcs']),","\t    '\"args.funcs\" must be specified and must be an array');","","\tfuncs = args['funcs'].slice(0);","\tuarg = args['arg'];","","\trv = {","\t    'operations': funcs.map(function (func) {","\t\treturn ({","\t\t    'func': func,","\t\t    'funcname': func.name || '(anon)',","\t\t    'status': 'waiting'","\t\t});","\t    }),","\t    'successes': [],","\t    'ndone': 0,","\t    'nerrors': 0","\t};","","\tif (funcs.length === 0) {","\t\tsetImmediate(function () { callback(null, rv); });","\t\treturn (rv);","\t}","","\tnext = function (err, result) {","\t\tif (rv['nerrors'] > 0 ||","\t\t    rv['ndone'] >= rv['operations'].length) {","\t\t\tthrow new mod_verror.VError('pipeline callback ' +","\t\t\t    'invoked after the pipeline has already ' +","\t\t\t    'completed (%j)', rv);","\t\t}","","\t\tvar entry = rv['operations'][rv['ndone']++];","","\t\tmod_assert.equal(entry['status'], 'pending');","","\t\tentry['status'] = err ? 'fail' : 'ok';","\t\tentry['err'] = err;","\t\tentry['result'] = result;","","\t\tif (err)","\t\t\trv['nerrors']++;","\t\telse","\t\t\trv['successes'].push(result);","","\t\tif (err || rv['ndone'] == funcs.length) {","\t\t\tcallback(err, rv);","\t\t} else {","\t\t\tvar nextent = rv['operations'][rv['ndone']];","\t\t\tnextent['status'] = 'pending';","","\t\t\t/*","\t\t\t * We invoke the next function on the next tick so that","\t\t\t * the caller (stage N) need not worry about the case","\t\t\t * that the next stage (stage N + 1) runs in its own","\t\t\t * context.","\t\t\t */","\t\t\tsetImmediate(function () {","\t\t\t\tnextent['func'](uarg, next);","\t\t\t});","\t\t}","\t};","","\trv['operations'][0]['status'] = 'pending';","\tfuncs[0](uarg, next);","","\treturn (rv);","}","","/*"," * Exactly like pipeline, except that the input is specified as a single"," * function to invoke on N different inputs (rather than N functions).  \"args\""," * must have the following fields:"," *"," *\tfunc\t\tasynchronous function to invoke on each input value"," *"," *\tinputs\t\tarray of input values"," */","function forEachPipeline(args, callback) {","    mod_assert.equal(typeof (args), 'object', '\"args\" must be an object');","    mod_assert.equal(typeof (args['func']), 'function',","\t\t'\"args.func\" must be specified and must be a function');","    mod_assert.ok(Array.isArray(args['inputs']),","\t\t'\"args.inputs\" must be specified and must be an array');","    mod_assert.equal(typeof (callback), 'function',","\t\t'callback argument must be specified and must be a function');","","    var func = args['func'];","","    var funcs = args['inputs'].map(function (input) {","\t\treturn (function (_, subcallback) {","\t\t\treturn (func(input, subcallback));","\t\t});","    });","","    return (pipeline({'funcs': funcs}, callback));","}","","","/*"," * async-compatible \"queue\" function."," */","function queue(worker, concurrency)","{","\treturn (new WorkQueue({","\t    'worker': worker,","\t    'concurrency': concurrency","\t}));","}","","function queuev(args)","{","\treturn (new WorkQueue(args));","}","","function WorkQueue(args)","{","\tmod_assert.ok(args.hasOwnProperty('worker'));","\tmod_assert.equal(typeof (args['worker']), 'function');","\tmod_assert.ok(args.hasOwnProperty('concurrency'));","\tmod_assert.equal(typeof (args['concurrency']), 'number');","\tmod_assert.equal(Math.floor(args['concurrency']), args['concurrency']);","\tmod_assert.ok(args['concurrency'] > 0);","","\tmod_events.EventEmitter.call(this);","","\tthis.nextid = 0;","\tthis.worker = args['worker'];","\tthis.worker_name = args['worker'].name || 'anon';","\tthis.npending = 0;","\tthis.pending = {};","\tthis.queued = [];","\tthis.closed = false;","\tthis.ended = false;","","\t/* user-settable fields inherited from \"async\" interface */","\tthis.concurrency = args['concurrency'];","\tthis.saturated = undefined;","\tthis.empty = undefined;","\tthis.drain = undefined;","}","","mod_util.inherits(WorkQueue, mod_events.EventEmitter);","","WorkQueue.prototype.push = function (tasks, callback)","{","\tif (!Array.isArray(tasks))","\t\treturn (this.pushOne(tasks, callback));","","\tvar wq = this;","\treturn (tasks.map(function (task) {","\t    return (wq.pushOne(task, callback));","\t}));","};","","WorkQueue.prototype.updateConcurrency = function (concurrency)","{","\tif (this.closed)","\t\tthrow new mod_verror.VError(","\t\t\t'update concurrency invoked after queue closed');","\tthis.concurrency = concurrency;","\tthis.dispatchNext();","};","","WorkQueue.prototype.close = function ()","{","\tvar wq = this;","","\tif (wq.closed)","\t\treturn;","\twq.closed = true;","","\t/*","\t * If the queue is already empty, just fire the \"end\" event on the","\t * next tick.","\t */","\tif (wq.npending === 0 && wq.queued.length === 0) {","\t\tsetImmediate(function () {","\t\t\tif (!wq.ended) {","\t\t\t\twq.ended = true;","\t\t\t\twq.emit('end');","\t\t\t}","\t\t});","\t}","};","","/* private */","WorkQueue.prototype.pushOne = function (task, callback)","{","\tif (this.closed)","\t\tthrow new mod_verror.VError('push invoked after queue closed');","","\tvar id = ++this.nextid;","\tvar entry = { 'id': id, 'task': task, 'callback': callback };","","\tthis.queued.push(entry);","\tthis.dispatchNext();","","\treturn (id);","};","","/* private */","WorkQueue.prototype.dispatchNext = function ()","{","\tvar wq = this;","\tif (wq.npending === 0 && wq.queued.length === 0) {","\t\tif (wq.drain)","\t\t\twq.drain();","\t\twq.emit('drain');","\t\t/*","\t\t * The queue is closed; emit the final \"end\"","\t\t * event before we come to rest:","\t\t */","\t\tif (wq.closed) {","\t\t\twq.ended = true;","\t\t\twq.emit('end');","\t\t}","\t} else if (wq.queued.length > 0) {","\t\twhile (wq.queued.length > 0 && wq.npending < wq.concurrency) {","\t\t\tvar next = wq.queued.shift();","\t\t\twq.dispatch(next);","","\t\t\tif (wq.queued.length === 0) {","\t\t\t\tif (wq.empty)","\t\t\t\t\twq.empty();","\t\t\t\twq.emit('empty');","\t\t\t}","\t\t}","\t}","};","","WorkQueue.prototype.dispatch = function (entry)","{","\tvar wq = this;","","\tmod_assert.ok(!this.pending.hasOwnProperty(entry['id']));","\tmod_assert.ok(this.npending < this.concurrency);","\tmod_assert.ok(!this.ended);","","\tthis.npending++;","\tthis.pending[entry['id']] = entry;","","\tif (this.npending === this.concurrency) {","\t\tif (this.saturated)","\t\t\tthis.saturated();","\t\tthis.emit('saturated');","\t}","","\t/*","\t * We invoke the worker function on the next tick so that callers can","\t * always assume that the callback is NOT invoked during the call to","\t * push() even if the queue is not at capacity.  It also avoids O(n)","\t * stack usage when used with synchronous worker functions.","\t */","\tsetImmediate(function () {","\t\twq.worker(entry['task'], function (err) {","\t\t\t--wq.npending;","\t\t\tdelete (wq.pending[entry['id']]);","","\t\t\tif (entry['callback'])","\t\t\t\tentry['callback'].apply(null, arguments);","","\t\t\twq.dispatchNext();","\t\t});","\t});","};","","WorkQueue.prototype.length = function ()","{","\treturn (this.queued.length);","};","","WorkQueue.prototype.kill = function ()","{","\tthis.killed = true;","\tthis.queued = [];","\tthis.drain = undefined;","\tthis.close();","};","","/*"," * Barriers coordinate multiple concurrent operations."," */","function barrier(args)","{","\treturn (new Barrier(args));","}","","function Barrier(args)","{","\tmod_assert.ok(!args || !args['nrecent'] ||","\t    typeof (args['nrecent']) == 'number',","\t    '\"nrecent\" must have type \"number\"');","","\tmod_events.EventEmitter.call(this);","","\tvar nrecent = args && args['nrecent'] ? args['nrecent'] : 10;","","\tif (nrecent > 0) {","\t\tthis.nrecent = nrecent;","\t\tthis.recent = [];","\t}","","\tthis.pending = {};","\tthis.scheduled = false;","}","","mod_util.inherits(Barrier, mod_events.EventEmitter);","","Barrier.prototype.start = function (name)","{","\tmod_assert.ok(!this.pending.hasOwnProperty(name),","\t    'operation \"' + name + '\" is already pending');","\tthis.pending[name] = Date.now();","};","","Barrier.prototype.done = function (name)","{","\tmod_assert.ok(this.pending.hasOwnProperty(name),","\t    'operation \"' + name + '\" is not pending');","","\tif (this.recent) {","\t\tthis.recent.push({","\t\t    'name': name,","\t\t    'start': this.pending[name],","\t\t    'done': Date.now()","\t\t});","","\t\tif (this.recent.length > this.nrecent)","\t\t\tthis.recent.shift();","\t}","","\tdelete (this.pending[name]);","","\t/*","\t * If we executed at least one operation and we're now empty, we should","\t * emit \"drain\".  But most code doesn't deal well with events being","\t * processed while they're executing, so we actually schedule this event","\t * for the next tick.","\t *","\t * We use the \"scheduled\" flag to avoid emitting multiple \"drain\" events","\t * on consecutive ticks if the user starts and ends another task during","\t * this tick.","\t */","\tif (!isEmpty(this.pending) || this.scheduled)","\t\treturn;","","\tthis.scheduled = true;","","\tvar self = this;","","\tsetImmediate(function () {","\t\tself.scheduled = false;","","\t\t/*","\t\t * It's also possible that the user has started another task on","\t\t * the previous tick, in which case we really shouldn't emit","\t\t * \"drain\".","\t\t */","\t\tif (isEmpty(self.pending))","\t\t\tself.emit('drain');","\t});","};","","/*"," * waterfall([ funcs ], callback): invoke each of the asynchronous functions"," * \"funcs\" in series.  Each function is passed any values emitted by the"," * previous function (none for the first function), followed by the callback to"," * invoke upon completion.  This callback must be invoked exactly once,"," * regardless of success or failure.  As conventional in Node, the first"," * argument to the callback indicates an error (if non-null).  Subsequent"," * arguments are passed to the next function in the \"funcs\" chain."," *"," * If any function fails (i.e., calls its callback with an Error), then the"," * remaining functions are not invoked and \"callback\" is invoked with the error."," *"," * The only difference between waterfall() and pipeline() are the arguments"," * passed to each function in the chain.  pipeline() always passes the same"," * argument followed by the callback, while waterfall() passes whatever values"," * were emitted by the previous function followed by the callback."," */","function waterfall(funcs, callback)","{","\tvar rv, current, next;","","\tmod_assert.ok(Array.isArray(funcs));","\tmod_assert.ok(arguments.length == 1 || typeof (callback) == 'function');","\tfuncs = funcs.slice(0);","","\trv = {","\t    'operations': funcs.map(function (func) {","\t        return ({","\t\t    'func': func,","\t\t    'funcname': func.name || '(anon)',","\t\t    'status': 'waiting'","\t\t});","\t    }),","\t    'successes': [],","\t    'ndone': 0,","\t    'nerrors': 0","\t};","","\tif (funcs.length === 0) {","\t\tif (callback)","\t\t\tsetImmediate(function () { callback(null, rv); });","\t\treturn (rv);","\t}","","\tnext = function (idx, err) {","\t\tvar args, entry, nextentry;","","\t\tif (err === undefined)","\t\t\terr = null;","","\t\tif (idx != current) {","\t\t\tthrow (new mod_verror.VError(","\t\t\t    'vasync.waterfall: function %d (\"%s\") invoked ' +","\t\t\t    'its callback twice', idx,","\t\t\t    rv['operations'][idx].funcname));","\t\t}","","\t\tmod_assert.equal(idx, rv['ndone']);","\t\tentry = rv['operations'][rv['ndone']++];","\t\targs = Array.prototype.slice.call(arguments, 2);","","\t\tmod_assert.equal(entry['status'], 'pending');","\t\tentry['status'] = err ? 'fail' : 'ok';","\t\tentry['err'] = err;","\t\tentry['results'] = args;","","\t\tif (err)","\t\t\trv['nerrors']++;","\t\telse","\t\t\trv['successes'].push(args);","","\t\tif (err || rv['ndone'] == funcs.length) {","\t\t\tif (callback) {","\t\t\t\targs.unshift(err);","\t\t\t\tcallback.apply(null, args);","\t\t\t}","\t\t} else {","\t\t\tnextentry = rv['operations'][rv['ndone']];","\t\t\tnextentry['status'] = 'pending';","\t\t\tcurrent++;","\t\t\targs.push(next.bind(null, current));","\t\t\tsetImmediate(function () {","\t\t\t\tnextentry['func'].apply(null, args);","\t\t\t});","\t\t}","\t};","","\trv['operations'][0]['status'] = 'pending';","\tcurrent = 0;","\tfuncs[0](next.bind(null, current));","\treturn (rv);","}",""],"l":{"5":1,"6":1,"7":1,"8":1,"13":1,"14":1,"15":1,"16":1,"17":1,"18":1,"19":1,"20":1,"22":1,"23":0,"24":0,"25":0,"26":0,"27":0,"36":1,"38":0,"39":0,"40":0,"41":0,"49":1,"51":0,"53":0,"54":0,"56":0,"59":0,"61":0,"68":0,"69":0,"70":0,"73":0,"74":0,"75":0,"77":0,"78":0,"79":0,"81":0,"82":0,"84":0,"86":0,"87":0,"89":0,"90":0,"91":0,"93":0,"94":0,"96":0,"100":0,"101":0,"107":0,"110":0,"122":1,"124":0,"126":0,"127":0,"129":0,"132":0,"133":0,"134":0,"135":0,"139":0,"150":1,"152":0,"154":0,"155":0,"158":0,"159":0,"161":0,"163":0,"174":0,"175":0,"176":0,"179":0,"180":0,"182":0,"187":0,"189":0,"191":0,"192":0,"193":0,"195":0,"196":0,"198":0,"200":0,"201":0,"203":0,"204":0,"212":0,"213":0,"218":0,"219":0,"221":0,"233":1,"234":0,"235":0,"237":0,"239":0,"242":0,"244":0,"245":0,"246":0,"250":0,"257":1,"259":0,"265":1,"267":0,"270":1,"272":0,"273":0,"274":0,"275":0,"276":0,"277":0,"279":0,"281":0,"282":0,"283":0,"284":0,"285":0,"286":0,"287":0,"288":0,"291":0,"292":0,"293":0,"294":0,"297":1,"299":1,"301":0,"302":0,"304":0,"305":0,"306":0,"310":1,"312":0,"313":0,"315":0,"316":0,"319":1,"321":0,"323":0,"324":0,"325":0,"331":0,"332":0,"333":0,"334":0,"335":0,"342":1,"344":0,"345":0,"347":0,"348":0,"350":0,"351":0,"353":0,"357":1,"359":0,"360":0,"361":0,"362":0,"363":0,"368":0,"369":0,"370":0,"372":0,"373":0,"374":0,"375":0,"377":0,"378":0,"379":0,"380":0,"386":1,"388":0,"390":0,"391":0,"392":0,"394":0,"395":0,"397":0,"398":0,"399":0,"400":0,"409":0,"410":0,"411":0,"412":0,"414":0,"415":0,"417":0,"422":1,"424":0,"427":1,"429":0,"430":0,"431":0,"432":0,"438":1,"440":0,"443":1,"445":0,"449":0,"451":0,"453":0,"454":0,"455":0,"458":0,"459":0,"462":1,"464":1,"466":0,"468":0,"471":1,"473":0,"476":0,"477":0,"483":0,"484":0,"487":0,"499":0,"500":0,"502":0,"504":0,"506":0,"507":0,"514":0,"515":0,"536":1,"538":0,"540":0,"541":0,"542":0,"544":0,"546":0,"557":0,"558":0,"559":0,"560":0,"563":0,"564":0,"566":0,"567":0,"569":0,"570":0,"576":0,"577":0,"578":0,"580":0,"581":0,"582":0,"583":0,"585":0,"586":0,"588":0,"590":0,"591":0,"592":0,"593":0,"596":0,"597":0,"598":0,"599":0,"600":0,"601":0,"606":0,"607":0,"608":0,"609":0}}}